{"/home/travis/build/npmtest/node-npmtest-homebridge-nest/test.js":{"path":"/home/travis/build/npmtest/node-npmtest-homebridge-nest/test.js","s":{"1":2,"2":2,"3":2,"4":2,"5":2,"6":2,"7":2,"8":1,"9":2,"10":2,"11":1,"12":1,"13":1,"14":1,"15":2,"16":2,"17":2,"18":2,"19":1,"20":1,"21":2,"22":2,"23":2,"24":1,"25":1,"26":1,"27":1,"28":1,"29":1,"30":1,"31":1,"32":1,"33":1,"34":1,"35":1,"36":1,"37":1,"38":1,"39":2,"40":2,"41":1,"42":2,"43":2,"44":1,"45":2,"46":2,"47":1,"48":2,"49":2,"50":1,"51":1,"52":1,"53":1,"54":1},"b":{"1":[2,1,1,1],"2":[1,1,1,1],"3":[1,1],"4":[1,1],"5":[1,1],"6":[1,1],"7":[1,1],"8":[1,1],"9":[1,1],"10":[1,1,1],"11":[1,1],"12":[1,1],"13":[1,1],"14":[1,1],"15":[1,1],"16":[1,1],"17":[1,1]},"f":{"1":2,"2":2,"3":2,"4":2,"5":2,"6":1,"7":1,"8":1,"9":2,"10":2,"11":2,"12":2,"13":1},"fnMap":{"1":{"name":"(anonymous_1)","line":12,"loc":{"start":{"line":12,"column":1},"end":{"line":12,"column":13}}},"2":{"name":"(anonymous_2)","line":19,"loc":{"start":{"line":19,"column":5},"end":{"line":19,"column":17}}},"3":{"name":"(anonymous_3)","line":23,"loc":{"start":{"line":23,"column":24},"end":{"line":23,"column":36}}},"4":{"name":"(anonymous_4)","line":61,"loc":{"start":{"line":61,"column":5},"end":{"line":61,"column":17}}},"5":{"name":"(anonymous_5)","line":82,"loc":{"start":{"line":82,"column":5},"end":{"line":82,"column":17}}},"6":{"name":"(anonymous_6)","line":91,"loc":{"start":{"line":91,"column":77},"end":{"line":94,"column":10}}},"7":{"name":"(anonymous_7)","line":112,"loc":{"start":{"line":112,"column":83},"end":{"line":115,"column":10}},"skip":true},"8":{"name":"(anonymous_8)","line":123,"loc":{"start":{"line":123,"column":77},"end":{"line":126,"column":10}},"skip":true},"9":{"name":"(anonymous_9)","line":139,"loc":{"start":{"line":139,"column":12},"end":{"line":139,"column":40}},"skip":true},"10":{"name":"(anonymous_10)","line":147,"loc":{"start":{"line":147,"column":77},"end":{"line":150,"column":10}},"skip":true},"11":{"name":"(anonymous_11)","line":158,"loc":{"start":{"line":158,"column":83},"end":{"line":161,"column":10}},"skip":true},"12":{"name":"(anonymous_12)","line":169,"loc":{"start":{"line":169,"column":79},"end":{"line":172,"column":10}},"skip":true},"13":{"name":"(anonymous_13)","line":180,"loc":{"start":{"line":180,"column":75},"end":{"line":183,"column":10}},"skip":true}},"statementMap":{"1":{"start":{"line":12,"column":0},"end":{"line":195,"column":5}},"2":{"start":{"line":14,"column":4},"end":{"line":14,"column":14}},"3":{"start":{"line":19,"column":4},"end":{"line":56,"column":9}},"4":{"start":{"line":21,"column":8},"end":{"line":21,"column":19}},"5":{"start":{"line":23,"column":8},"end":{"line":35,"column":13}},"6":{"start":{"line":24,"column":12},"end":{"line":34,"column":13}},"7":{"start":{"line":25,"column":16},"end":{"line":28,"column":30}},"8":{"start":{"line":30,"column":16},"end":{"line":33,"column":27}},"9":{"start":{"line":37,"column":8},"end":{"line":39,"column":21}},"10":{"start":{"line":40,"column":8},"end":{"line":53,"column":9}},"11":{"start":{"line":43,"column":12},"end":{"line":46,"column":14}},"12":{"start":{"line":47,"column":12},"end":{"line":47,"column":18}},"13":{"start":{"line":50,"column":12},"end":{"line":51,"column":46}},"14":{"start":{"line":52,"column":12},"end":{"line":52,"column":18}},"15":{"start":{"line":55,"column":8},"end":{"line":55,"column":35}},"16":{"start":{"line":61,"column":4},"end":{"line":63,"column":9}},"17":{"start":{"line":62,"column":8},"end":{"line":62,"column":15}},"18":{"start":{"line":64,"column":4},"end":{"line":77,"column":5}},"19":{"start":{"line":70,"column":8},"end":{"line":70,"column":14}},"20":{"start":{"line":76,"column":8},"end":{"line":76,"column":14}},"21":{"start":{"line":82,"column":4},"end":{"line":84,"column":9}},"22":{"start":{"line":83,"column":8},"end":{"line":83,"column":15}},"23":{"start":{"line":85,"column":4},"end":{"line":194,"column":5}},"24":{"start":{"line":91,"column":8},"end":{"line":99,"column":10}},"25":{"start":{"line":98,"column":12},"end":{"line":98,"column":35}},"26":{"start":{"line":102,"column":8},"end":{"line":104,"column":63}},"27":{"start":{"line":105,"column":8},"end":{"line":105,"column":14}},"28":{"start":{"line":112,"column":8},"end":{"line":121,"column":10},"skip":true},"29":{"start":{"line":119,"column":12},"end":{"line":119,"column":55},"skip":true},"30":{"start":{"line":120,"column":12},"end":{"line":120,"column":48},"skip":true},"31":{"start":{"line":123,"column":8},"end":{"line":136,"column":10},"skip":true},"32":{"start":{"line":130,"column":12},"end":{"line":130,"column":76},"skip":true},"33":{"start":{"line":131,"column":12},"end":{"line":131,"column":73},"skip":true},"34":{"start":{"line":132,"column":12},"end":{"line":132,"column":74},"skip":true},"35":{"start":{"line":133,"column":12},"end":{"line":133,"column":79},"skip":true},"36":{"start":{"line":134,"column":12},"end":{"line":134,"column":25},"skip":true},"37":{"start":{"line":135,"column":12},"end":{"line":135,"column":45},"skip":true},"38":{"start":{"line":138,"column":8},"end":{"line":145,"column":14},"skip":true},"39":{"start":{"line":143,"column":16},"end":{"line":143,"column":29},"skip":true},"40":{"start":{"line":144,"column":16},"end":{"line":144,"column":55},"skip":true},"41":{"start":{"line":147,"column":8},"end":{"line":156,"column":10},"skip":true},"42":{"start":{"line":154,"column":12},"end":{"line":154,"column":25},"skip":true},"43":{"start":{"line":155,"column":12},"end":{"line":155,"column":45},"skip":true},"44":{"start":{"line":158,"column":8},"end":{"line":167,"column":10},"skip":true},"45":{"start":{"line":165,"column":12},"end":{"line":165,"column":25},"skip":true},"46":{"start":{"line":166,"column":12},"end":{"line":166,"column":48},"skip":true},"47":{"start":{"line":169,"column":8},"end":{"line":178,"column":10},"skip":true},"48":{"start":{"line":176,"column":12},"end":{"line":176,"column":25},"skip":true},"49":{"start":{"line":177,"column":12},"end":{"line":177,"column":46},"skip":true},"50":{"start":{"line":180,"column":8},"end":{"line":189,"column":10},"skip":true},"51":{"start":{"line":187,"column":12},"end":{"line":187,"column":94},"skip":true},"52":{"start":{"line":188,"column":12},"end":{"line":188,"column":48},"skip":true},"53":{"start":{"line":192,"column":8},"end":{"line":192,"column":35},"skip":true},"54":{"start":{"line":193,"column":8},"end":{"line":193,"column":14},"skip":true}},"branchMap":{"1":{"line":25,"type":"binary-expr","locations":[{"start":{"line":25,"column":23},"end":{"line":25,"column":62}},{"start":{"line":26,"column":20},"end":{"line":26,"column":70}},{"start":{"line":27,"column":20},"end":{"line":27,"column":71}},{"start":{"line":28,"column":20},"end":{"line":28,"column":29}}]},"2":{"line":30,"type":"binary-expr","locations":[{"start":{"line":30,"column":23},"end":{"line":30,"column":37}},{"start":{"line":31,"column":20},"end":{"line":31,"column":61}},{"start":{"line":32,"column":20},"end":{"line":32,"column":70}},{"start":{"line":33,"column":20},"end":{"line":33,"column":26}}]},"3":{"line":37,"type":"cond-expr","locations":[{"start":{"line":38,"column":14},"end":{"line":38,"column":20}},{"start":{"line":39,"column":14},"end":{"line":39,"column":20}}]},"4":{"line":40,"type":"switch","locations":[{"start":{"line":42,"column":8},"end":{"line":47,"column":18}},{"start":{"line":49,"column":8},"end":{"line":52,"column":18}}]},"5":{"line":44,"type":"binary-expr","locations":[{"start":{"line":44,"column":16},"end":{"line":44,"column":44}},{"start":{"line":44,"column":48},"end":{"line":44,"column":66}}]},"6":{"line":50,"type":"binary-expr","locations":[{"start":{"line":50,"column":21},"end":{"line":50,"column":49}},{"start":{"line":50,"column":53},"end":{"line":50,"column":72}}]},"7":{"line":64,"type":"switch","locations":[{"start":{"line":69,"column":4},"end":{"line":70,"column":14}},{"start":{"line":75,"column":4},"end":{"line":76,"column":14}}]},"8":{"line":85,"type":"switch","locations":[{"start":{"line":90,"column":4},"end":{"line":105,"column":14}},{"start":{"line":111,"column":4},"end":{"line":193,"column":14},"skip":true}]},"9":{"line":91,"type":"binary-expr","locations":[{"start":{"line":91,"column":42},"end":{"line":91,"column":73}},{"start":{"line":91,"column":77},"end":{"line":99,"column":9}}]},"10":{"line":102,"type":"binary-expr","locations":[{"start":{"line":102,"column":18},"end":{"line":102,"column":32}},{"start":{"line":103,"column":12},"end":{"line":103,"column":53}},{"start":{"line":104,"column":12},"end":{"line":104,"column":61}}]},"11":{"line":112,"type":"binary-expr","locations":[{"start":{"line":112,"column":45},"end":{"line":112,"column":79},"skip":true},{"start":{"line":112,"column":83},"end":{"line":121,"column":9},"skip":true}]},"12":{"line":123,"type":"binary-expr","locations":[{"start":{"line":123,"column":42},"end":{"line":123,"column":73},"skip":true},{"start":{"line":123,"column":77},"end":{"line":136,"column":9},"skip":true}]},"13":{"line":138,"type":"binary-expr","locations":[{"start":{"line":138,"column":48},"end":{"line":138,"column":85},"skip":true},{"start":{"line":139,"column":12},"end":{"line":145,"column":13},"skip":true}]},"14":{"line":147,"type":"binary-expr","locations":[{"start":{"line":147,"column":42},"end":{"line":147,"column":73},"skip":true},{"start":{"line":147,"column":77},"end":{"line":156,"column":9},"skip":true}]},"15":{"line":158,"type":"binary-expr","locations":[{"start":{"line":158,"column":45},"end":{"line":158,"column":79},"skip":true},{"start":{"line":158,"column":83},"end":{"line":167,"column":9},"skip":true}]},"16":{"line":169,"type":"binary-expr","locations":[{"start":{"line":169,"column":43},"end":{"line":169,"column":75},"skip":true},{"start":{"line":169,"column":79},"end":{"line":178,"column":9},"skip":true}]},"17":{"line":180,"type":"binary-expr","locations":[{"start":{"line":180,"column":41},"end":{"line":180,"column":71},"skip":true},{"start":{"line":180,"column":75},"end":{"line":189,"column":9},"skip":true}]}},"code":["/* istanbul instrument in package npmtest_homebridge_nest */","/*jslint","    bitwise: true,","    browser: true,","    maxerr: 8,","    maxlen: 96,","    node: true,","    nomen: true,","    regexp: true,","    stupid: true","*/","(function () {","    'use strict';","    var local;","","","","    // run shared js-env code - pre-init","    (function () {","        // init local","        local = {};","        // init modeJs","        local.modeJs = (function () {","            try {","                return typeof navigator.userAgent === 'string' &&","                    typeof document.querySelector('body') === 'object' &&","                    typeof XMLHttpRequest.prototype.open === 'function' &&","                    'browser';","            } catch (errorCaughtBrowser) {","                return module.exports &&","                    typeof process.versions.node === 'string' &&","                    typeof require('http').createServer === 'function' &&","                    'node';","            }","        }());","        // init global","        local.global = local.modeJs === 'browser'","            ? window","            : global;","        switch (local.modeJs) {","        // re-init local from window.local","        case 'browser':","            local = local.global.utility2.objectSetDefault(","                local.global.utility2_rollup || local.global.local,","                local.global.utility2","            );","            break;","        // re-init local from example.js","        case 'node':","            local = (local.global.utility2_rollup || require('utility2'))","                .requireExampleJsFromReadme();","            break;","        }","        // export local","        local.global.local = local;","    }());","","","","    // run shared js-env code - function","    (function () {","        return;","    }());","    switch (local.modeJs) {","","","","    // run browser js-env code - function","    case 'browser':","        break;","","","","    // run node js-env code - function","    case 'node':","        break;","    }","","","","    // run shared js-env code - post-init","    (function () {","        return;","    }());","    switch (local.modeJs) {","","","","    // run browser js-env code - post-init","    case 'browser':","        local.testCase_browser_nullCase = local.testCase_browser_nullCase || function (","            options,","            onError","        ) {","        /*","         * this function will test browsers's null-case handling-behavior-behavior","         */","            onError(null, options);","        };","","        // run tests","        local.nop(local.modeTest &&","            document.querySelector('#testRunButton1') &&","            document.querySelector('#testRunButton1').click());","        break;","","","","    // run node js-env code - post-init","    /* istanbul ignore next */","    case 'node':","        local.testCase_buildApidoc_default = local.testCase_buildApidoc_default || function (","            options,","            onError","        ) {","        /*","         * this function will test buildApidoc's default handling-behavior-behavior","         */","            options = { modulePathList: module.paths };","            local.buildApidoc(options, onError);","        };","","        local.testCase_buildApp_default = local.testCase_buildApp_default || function (","            options,","            onError","        ) {","        /*","         * this function will test buildApp's default handling-behavior-behavior","         */","            local.testCase_buildReadme_default(options, local.onErrorThrow);","            local.testCase_buildLib_default(options, local.onErrorThrow);","            local.testCase_buildTest_default(options, local.onErrorThrow);","            local.testCase_buildCustomOrg_default(options, local.onErrorThrow);","            options = [];","            local.buildApp(options, onError);","        };","","        local.testCase_buildCustomOrg_default = local.testCase_buildCustomOrg_default ||","            function (options, onError) {","            /*","             * this function will test buildCustomOrg's default handling-behavior","             */","                options = {};","                local.buildCustomOrg(options, onError);","            };","","        local.testCase_buildLib_default = local.testCase_buildLib_default || function (","            options,","            onError","        ) {","        /*","         * this function will test buildLib's default handling-behavior","         */","            options = {};","            local.buildLib(options, onError);","        };","","        local.testCase_buildReadme_default = local.testCase_buildReadme_default || function (","            options,","            onError","        ) {","        /*","         * this function will test buildReadme's default handling-behavior-behavior","         */","            options = {};","            local.buildReadme(options, onError);","        };","","        local.testCase_buildTest_default = local.testCase_buildTest_default || function (","            options,","            onError","        ) {","        /*","         * this function will test buildTest's default handling-behavior","         */","            options = {};","            local.buildTest(options, onError);","        };","","        local.testCase_webpage_default = local.testCase_webpage_default || function (","            options,","            onError","        ) {","        /*","         * this function will test webpage's default handling-behavior","         */","            options = { modeCoverageMerge: true, url: local.serverLocalHost + '?modeTest=1' };","            local.browserTest(options, onError);","        };","","        // run test-server","        local.testRunServer(local);","        break;","    }","}());",""],"l":{"12":2,"14":2,"19":2,"21":2,"23":2,"24":2,"25":2,"30":1,"37":2,"40":2,"43":1,"47":1,"50":1,"52":1,"55":2,"61":2,"62":2,"64":2,"70":1,"76":1,"82":2,"83":2,"85":2,"91":1,"98":1,"102":1,"105":1,"112":1,"119":1,"120":1,"123":1,"130":1,"131":1,"132":1,"133":1,"134":1,"135":1,"138":1,"143":2,"144":2,"147":1,"154":2,"155":2,"158":1,"165":2,"166":2,"169":1,"176":2,"177":2,"180":1,"187":1,"188":1,"192":1,"193":1}},"/home/travis/build/npmtest/node-npmtest-homebridge-nest/lib.npmtest_homebridge_nest.js":{"path":"/home/travis/build/npmtest/node-npmtest-homebridge-nest/lib.npmtest_homebridge_nest.js","s":{"1":2,"2":2,"3":2,"4":2,"5":2,"6":2,"7":2,"8":1,"9":2,"10":2,"11":2,"12":2,"13":1,"14":1,"15":1,"16":1},"b":{"1":[2,1,1,1],"2":[1,1,1,1],"3":[1,1],"4":[2,2],"5":[1,1]},"f":{"1":2,"2":2,"3":2},"fnMap":{"1":{"name":"(anonymous_1)","line":12,"loc":{"start":{"line":12,"column":1},"end":{"line":12,"column":13}}},"2":{"name":"(anonymous_2)","line":19,"loc":{"start":{"line":19,"column":5},"end":{"line":19,"column":17}}},"3":{"name":"(anonymous_3)","line":23,"loc":{"start":{"line":23,"column":24},"end":{"line":23,"column":36}}}},"statementMap":{"1":{"start":{"line":12,"column":0},"end":{"line":53,"column":5}},"2":{"start":{"line":14,"column":4},"end":{"line":14,"column":14}},"3":{"start":{"line":19,"column":4},"end":{"line":52,"column":9}},"4":{"start":{"line":21,"column":8},"end":{"line":21,"column":19}},"5":{"start":{"line":23,"column":8},"end":{"line":35,"column":13}},"6":{"start":{"line":24,"column":12},"end":{"line":34,"column":13}},"7":{"start":{"line":25,"column":16},"end":{"line":28,"column":30}},"8":{"start":{"line":30,"column":16},"end":{"line":33,"column":27}},"9":{"start":{"line":37,"column":8},"end":{"line":39,"column":21}},"10":{"start":{"line":41,"column":8},"end":{"line":41,"column":54}},"11":{"start":{"line":43,"column":8},"end":{"line":43,"column":60}},"12":{"start":{"line":45,"column":8},"end":{"line":51,"column":9}},"13":{"start":{"line":46,"column":12},"end":{"line":46,"column":66}},"14":{"start":{"line":48,"column":12},"end":{"line":48,"column":35}},"15":{"start":{"line":49,"column":12},"end":{"line":49,"column":49}},"16":{"start":{"line":50,"column":12},"end":{"line":50,"column":43}}},"branchMap":{"1":{"line":25,"type":"binary-expr","locations":[{"start":{"line":25,"column":23},"end":{"line":25,"column":62}},{"start":{"line":26,"column":20},"end":{"line":26,"column":70}},{"start":{"line":27,"column":20},"end":{"line":27,"column":71}},{"start":{"line":28,"column":20},"end":{"line":28,"column":29}}]},"2":{"line":30,"type":"binary-expr","locations":[{"start":{"line":30,"column":23},"end":{"line":30,"column":37}},{"start":{"line":31,"column":20},"end":{"line":31,"column":61}},{"start":{"line":32,"column":20},"end":{"line":32,"column":70}},{"start":{"line":33,"column":20},"end":{"line":33,"column":26}}]},"3":{"line":37,"type":"cond-expr","locations":[{"start":{"line":38,"column":14},"end":{"line":38,"column":20}},{"start":{"line":39,"column":14},"end":{"line":39,"column":20}}]},"4":{"line":41,"type":"binary-expr","locations":[{"start":{"line":41,"column":16},"end":{"line":41,"column":44}},{"start":{"line":41,"column":48},"end":{"line":41,"column":53}}]},"5":{"line":45,"type":"if","locations":[{"start":{"line":45,"column":8},"end":{"line":45,"column":8}},{"start":{"line":45,"column":8},"end":{"line":45,"column":8}}]}},"code":["/* istanbul instrument in package npmtest_homebridge_nest */","/*jslint","    bitwise: true,","    browser: true,","    maxerr: 8,","    maxlen: 96,","    node: true,","    nomen: true,","    regexp: true,","    stupid: true","*/","(function () {","    'use strict';","    var local;","","","","    // run shared js-env code - pre-init","    (function () {","        // init local","        local = {};","        // init modeJs","        local.modeJs = (function () {","            try {","                return typeof navigator.userAgent === 'string' &&","                    typeof document.querySelector('body') === 'object' &&","                    typeof XMLHttpRequest.prototype.open === 'function' &&","                    'browser';","            } catch (errorCaughtBrowser) {","                return module.exports &&","                    typeof process.versions.node === 'string' &&","                    typeof require('http').createServer === 'function' &&","                    'node';","            }","        }());","        // init global","        local.global = local.modeJs === 'browser'","            ? window","            : global;","        // init utility2_rollup","        local = local.global.utility2_rollup || local;","        // init lib","        local.local = local.npmtest_homebridge_nest = local;","        // init exports","        if (local.modeJs === 'browser') {","            local.global.utility2_npmtest_homebridge_nest = local;","        } else {","            module.exports = local;","            module.exports.__dirname = __dirname;","            module.exports.module = module;","        }","    }());","}());",""],"l":{"12":2,"14":2,"19":2,"21":2,"23":2,"24":2,"25":2,"30":1,"37":2,"41":2,"43":2,"45":2,"46":1,"48":1,"49":1,"50":1}},"/home/travis/build/npmtest/node-npmtest-homebridge-nest/example.js":{"path":"/home/travis/build/npmtest/node-npmtest-homebridge-nest/example.js","s":{"1":2,"2":2,"3":2,"4":2,"5":2,"6":2,"7":2,"8":1,"9":2,"10":2,"11":2,"12":2,"13":1,"14":2,"15":2,"16":2,"17":2,"18":2,"19":0,"20":2,"21":1,"22":1,"23":1,"24":1,"25":1,"26":0,"27":0,"28":1,"29":1,"30":2,"31":0,"32":0,"33":0,"34":1,"35":2,"36":2,"37":3,"38":3,"39":3,"40":3,"41":0,"42":3,"43":3,"44":3,"45":1,"46":3,"47":1,"48":1,"49":1,"50":1,"51":1,"52":1,"53":1,"54":1,"55":1,"56":1,"57":0,"58":1,"59":6,"60":6,"61":1,"62":2,"63":0,"64":2,"65":1,"66":1,"67":0,"68":0,"69":0,"70":0,"71":0,"72":0,"73":0,"74":0,"75":0,"76":0,"77":0,"78":0,"79":0,"80":0,"81":0,"82":0,"83":0},"b":{"1":[2,1,1,1],"2":[1,1,1,1],"3":[1,1],"4":[2,2],"5":[1,1],"6":[1,1],"7":[2,0],"8":[2,1,1,1,1,1],"9":[0,2,0],"10":[1,1],"11":[2,1,1],"12":[1,0],"13":[0,2],"14":[2,0,0,0,0,0,0],"15":[0,3],"16":[3,0],"17":[1,1],"18":[0,1],"19":[1,2,0,2],"20":[1,0],"21":[1,1],"22":[0,0],"23":[0,0],"24":[0,0],"25":[0,0],"26":[0,0],"27":[0,0],"28":[0,0]},"f":{"1":2,"2":2,"3":2,"4":2,"5":2,"6":2,"7":3,"8":3,"9":3,"10":1,"11":6,"12":0},"fnMap":{"1":{"name":"(anonymous_1)","line":26,"loc":{"start":{"line":26,"column":1},"end":{"line":26,"column":13}}},"2":{"name":"(anonymous_2)","line":33,"loc":{"start":{"line":33,"column":5},"end":{"line":33,"column":17}}},"3":{"name":"(anonymous_3)","line":37,"loc":{"start":{"line":37,"column":24},"end":{"line":37,"column":36}}},"4":{"name":"(anonymous_4)","line":69,"loc":{"start":{"line":69,"column":31},"end":{"line":69,"column":48}},"skip":true},"5":{"name":"(anonymous_5)","line":78,"loc":{"start":{"line":78,"column":26},"end":{"line":78,"column":45}},"skip":true},"6":{"name":"(anonymous_6)","line":123,"loc":{"start":{"line":123,"column":33},"end":{"line":123,"column":48}},"skip":true},"7":{"name":"(anonymous_7)","line":125,"loc":{"start":{"line":125,"column":27},"end":{"line":125,"column":39}},"skip":true},"8":{"name":"(anonymous_8)","line":133,"loc":{"start":{"line":133,"column":59},"end":{"line":133,"column":74}},"skip":true},"9":{"name":"(anonymous_9)","line":143,"loc":{"start":{"line":143,"column":45},"end":{"line":143,"column":62}},"skip":true},"10":{"name":"(anonymous_10)","line":144,"loc":{"start":{"line":144,"column":73},"end":{"line":144,"column":92}},"skip":true},"11":{"name":"(anonymous_11)","line":272,"loc":{"start":{"line":272,"column":51},"end":{"line":272,"column":77}},"skip":true},"12":{"name":"(anonymous_12)","line":315,"loc":{"start":{"line":315,"column":32},"end":{"line":315,"column":61}},"skip":true}},"statementMap":{"1":{"start":{"line":26,"column":0},"end":{"line":326,"column":5}},"2":{"start":{"line":28,"column":4},"end":{"line":28,"column":14}},"3":{"start":{"line":33,"column":4},"end":{"line":60,"column":9}},"4":{"start":{"line":35,"column":8},"end":{"line":35,"column":19}},"5":{"start":{"line":37,"column":8},"end":{"line":49,"column":13}},"6":{"start":{"line":38,"column":12},"end":{"line":48,"column":13}},"7":{"start":{"line":39,"column":16},"end":{"line":42,"column":30}},"8":{"start":{"line":44,"column":16},"end":{"line":47,"column":27}},"9":{"start":{"line":51,"column":8},"end":{"line":53,"column":21}},"10":{"start":{"line":55,"column":8},"end":{"line":57,"column":45}},"11":{"start":{"line":59,"column":8},"end":{"line":59,"column":35}},"12":{"start":{"line":61,"column":4},"end":{"line":325,"column":5}},"13":{"start":{"line":69,"column":8},"end":{"line":121,"column":10},"skip":true},"14":{"start":{"line":70,"column":12},"end":{"line":88,"column":13},"skip":true},"15":{"start":{"line":76,"column":16},"end":{"line":87,"column":19},"skip":true},"16":{"start":{"line":79,"column":20},"end":{"line":86,"column":21},"skip":true},"17":{"start":{"line":82,"column":24},"end":{"line":82,"column":43},"skip":true},"18":{"start":{"line":83,"column":24},"end":{"line":83,"column":30},"skip":true},"19":{"start":{"line":85,"column":24},"end":{"line":85,"column":49},"skip":true},"20":{"start":{"line":89,"column":12},"end":{"line":107,"column":13},"skip":true},"21":{"start":{"line":92,"column":16},"end":{"line":102,"column":17},"skip":true},"22":{"start":{"line":93,"column":20},"end":{"line":93,"column":86},"skip":true},"23":{"start":{"line":94,"column":20},"end":{"line":95,"column":45},"skip":true},"24":{"start":{"line":96,"column":20},"end":{"line":96,"column":42},"skip":true},"25":{"start":{"line":97,"column":20},"end":{"line":97,"column":48},"skip":true},"26":{"start":{"line":100,"column":20},"end":{"line":100,"column":85},"skip":true},"27":{"start":{"line":101,"column":20},"end":{"line":101,"column":96},"skip":true},"28":{"start":{"line":103,"column":16},"end":{"line":103,"column":22},"skip":true},"29":{"start":{"line":106,"column":16},"end":{"line":106,"column":22},"skip":true},"30":{"start":{"line":108,"column":12},"end":{"line":120,"column":13},"skip":true},"31":{"start":{"line":114,"column":16},"end":{"line":119,"column":17},"skip":true},"32":{"start":{"line":116,"column":20},"end":{"line":116,"column":78},"skip":true},"33":{"start":{"line":118,"column":20},"end":{"line":118,"column":47},"skip":true},"34":{"start":{"line":123,"column":8},"end":{"line":141,"column":11},"skip":true},"35":{"start":{"line":124,"column":12},"end":{"line":124,"column":54},"skip":true},"36":{"start":{"line":125,"column":12},"end":{"line":140,"column":14},"skip":true},"37":{"start":{"line":126,"column":16},"end":{"line":126,"column":28},"skip":true},"38":{"start":{"line":127,"column":16},"end":{"line":127,"column":69},"skip":true},"39":{"start":{"line":128,"column":16},"end":{"line":128,"column":75},"skip":true},"40":{"start":{"line":129,"column":16},"end":{"line":131,"column":17},"skip":true},"41":{"start":{"line":130,"column":20},"end":{"line":130,"column":27},"skip":true},"42":{"start":{"line":133,"column":16},"end":{"line":137,"column":36},"skip":true},"43":{"start":{"line":134,"column":20},"end":{"line":136,"column":55},"skip":true},"44":{"start":{"line":139,"column":16},"end":{"line":139,"column":57},"skip":true},"45":{"start":{"line":143,"column":8},"end":{"line":147,"column":11},"skip":true},"46":{"start":{"line":144,"column":12},"end":{"line":146,"column":15},"skip":true},"47":{"start":{"line":145,"column":16},"end":{"line":145,"column":70},"skip":true},"48":{"start":{"line":149,"column":8},"end":{"line":149,"column":31},"skip":true},"49":{"start":{"line":150,"column":8},"end":{"line":150,"column":14},"skip":true},"50":{"start":{"line":158,"column":8},"end":{"line":158,"column":31},"skip":true},"51":{"start":{"line":160,"column":8},"end":{"line":160,"column":33},"skip":true},"52":{"start":{"line":161,"column":8},"end":{"line":161,"column":37},"skip":true},"53":{"start":{"line":162,"column":8},"end":{"line":162,"column":35},"skip":true},"54":{"start":{"line":164,"column":8},"end":{"line":164,"column":50},"skip":true},"55":{"start":{"line":166,"column":8},"end":{"line":256,"column":2},"skip":true},"56":{"start":{"line":258,"column":8},"end":{"line":286,"column":9},"skip":true},"57":{"start":{"line":259,"column":12},"end":{"line":269,"column":14},"skip":true},"58":{"start":{"line":271,"column":12},"end":{"line":285,"column":19},"skip":true},"59":{"start":{"line":274,"column":20},"end":{"line":274,"column":35},"skip":true},"60":{"start":{"line":275,"column":20},"end":{"line":284,"column":21},"skip":true},"61":{"start":{"line":277,"column":24},"end":{"line":277,"column":64},"skip":true},"62":{"start":{"line":279,"column":24},"end":{"line":279,"column":40},"skip":true},"63":{"start":{"line":281,"column":24},"end":{"line":281,"column":40},"skip":true},"64":{"start":{"line":283,"column":24},"end":{"line":283,"column":39},"skip":true},"65":{"start":{"line":288,"column":8},"end":{"line":290,"column":9},"skip":true},"66":{"start":{"line":289,"column":12},"end":{"line":289,"column":18},"skip":true},"67":{"start":{"line":291,"column":8},"end":{"line":293,"column":54},"skip":true},"68":{"start":{"line":296,"column":8},"end":{"line":301,"column":37},"skip":true},"69":{"start":{"line":303,"column":8},"end":{"line":303,"column":82},"skip":true},"70":{"start":{"line":306,"column":8},"end":{"line":308,"column":9},"skip":true},"71":{"start":{"line":307,"column":12},"end":{"line":307,"column":82},"skip":true},"72":{"start":{"line":310,"column":8},"end":{"line":312,"column":9},"skip":true},"73":{"start":{"line":311,"column":12},"end":{"line":311,"column":18},"skip":true},"74":{"start":{"line":313,"column":8},"end":{"line":313,"column":54},"skip":true},"75":{"start":{"line":314,"column":8},"end":{"line":314,"column":69},"skip":true},"76":{"start":{"line":315,"column":8},"end":{"line":323,"column":36},"skip":true},"77":{"start":{"line":316,"column":12},"end":{"line":316,"column":61},"skip":true},"78":{"start":{"line":317,"column":12},"end":{"line":320,"column":13},"skip":true},"79":{"start":{"line":318,"column":16},"end":{"line":318,"column":75},"skip":true},"80":{"start":{"line":319,"column":16},"end":{"line":319,"column":23},"skip":true},"81":{"start":{"line":321,"column":12},"end":{"line":321,"column":38},"skip":true},"82":{"start":{"line":322,"column":12},"end":{"line":322,"column":27},"skip":true},"83":{"start":{"line":324,"column":8},"end":{"line":324,"column":14},"skip":true}},"branchMap":{"1":{"line":39,"type":"binary-expr","locations":[{"start":{"line":39,"column":23},"end":{"line":39,"column":62}},{"start":{"line":40,"column":20},"end":{"line":40,"column":70}},{"start":{"line":41,"column":20},"end":{"line":41,"column":71}},{"start":{"line":42,"column":20},"end":{"line":42,"column":29}}]},"2":{"line":44,"type":"binary-expr","locations":[{"start":{"line":44,"column":23},"end":{"line":44,"column":37}},{"start":{"line":45,"column":20},"end":{"line":45,"column":61}},{"start":{"line":46,"column":20},"end":{"line":46,"column":70}},{"start":{"line":47,"column":20},"end":{"line":47,"column":26}}]},"3":{"line":51,"type":"cond-expr","locations":[{"start":{"line":52,"column":14},"end":{"line":52,"column":20}},{"start":{"line":53,"column":14},"end":{"line":53,"column":20}}]},"4":{"line":55,"type":"binary-expr","locations":[{"start":{"line":55,"column":16},"end":{"line":55,"column":44}},{"start":{"line":55,"column":49},"end":{"line":57,"column":43}}]},"5":{"line":55,"type":"cond-expr","locations":[{"start":{"line":56,"column":14},"end":{"line":56,"column":59}},{"start":{"line":57,"column":14},"end":{"line":57,"column":43}}]},"6":{"line":61,"type":"switch","locations":[{"start":{"line":68,"column":4},"end":{"line":150,"column":14},"skip":true},{"start":{"line":156,"column":4},"end":{"line":324,"column":14},"skip":true}]},"7":{"line":70,"type":"if","locations":[{"start":{"line":70,"column":12},"end":{"line":70,"column":12},"skip":true},{"start":{"line":70,"column":12},"end":{"line":70,"column":12},"skip":true}]},"8":{"line":70,"type":"binary-expr","locations":[{"start":{"line":70,"column":16},"end":{"line":70,"column":22},"skip":true},{"start":{"line":70,"column":27},"end":{"line":70,"column":32},"skip":true},{"start":{"line":71,"column":20},"end":{"line":71,"column":39},"skip":true},{"start":{"line":72,"column":20},"end":{"line":72,"column":49},"skip":true},{"start":{"line":73,"column":20},"end":{"line":73,"column":58},"skip":true},{"start":{"line":74,"column":20},"end":{"line":74,"column":69},"skip":true}]},"9":{"line":79,"type":"switch","locations":[{"start":{"line":80,"column":20},"end":{"line":80,"column":33},"skip":true},{"start":{"line":81,"column":20},"end":{"line":83,"column":30},"skip":true},{"start":{"line":84,"column":20},"end":{"line":85,"column":49},"skip":true}]},"10":{"line":89,"type":"switch","locations":[{"start":{"line":90,"column":12},"end":{"line":103,"column":22},"skip":true},{"start":{"line":105,"column":12},"end":{"line":106,"column":22},"skip":true}]},"11":{"line":89,"type":"binary-expr","locations":[{"start":{"line":89,"column":20},"end":{"line":89,"column":25},"skip":true},{"start":{"line":89,"column":29},"end":{"line":89,"column":48},"skip":true},{"start":{"line":89,"column":52},"end":{"line":89,"column":74},"skip":true}]},"12":{"line":92,"type":"if","locations":[{"start":{"line":92,"column":16},"end":{"line":92,"column":16},"skip":true},{"start":{"line":92,"column":16},"end":{"line":92,"column":16},"skip":true}]},"13":{"line":108,"type":"if","locations":[{"start":{"line":108,"column":12},"end":{"line":108,"column":12},"skip":true},{"start":{"line":108,"column":12},"end":{"line":108,"column":12},"skip":true}]},"14":{"line":108,"type":"binary-expr","locations":[{"start":{"line":108,"column":16},"end":{"line":108,"column":61},"skip":true},{"start":{"line":108,"column":66},"end":{"line":108,"column":72},"skip":true},{"start":{"line":108,"column":77},"end":{"line":108,"column":82},"skip":true},{"start":{"line":109,"column":20},"end":{"line":109,"column":39},"skip":true},{"start":{"line":110,"column":20},"end":{"line":110,"column":49},"skip":true},{"start":{"line":111,"column":20},"end":{"line":111,"column":58},"skip":true},{"start":{"line":112,"column":20},"end":{"line":112,"column":68},"skip":true}]},"15":{"line":129,"type":"if","locations":[{"start":{"line":129,"column":16},"end":{"line":129,"column":16},"skip":true},{"start":{"line":129,"column":16},"end":{"line":129,"column":16},"skip":true}]},"16":{"line":134,"type":"cond-expr","locations":[{"start":{"line":135,"column":26},"end":{"line":135,"column":29},"skip":true},{"start":{"line":136,"column":26},"end":{"line":136,"column":54},"skip":true}]},"17":{"line":164,"type":"binary-expr","locations":[{"start":{"line":164,"column":27},"end":{"line":164,"column":43},"skip":true},{"start":{"line":164,"column":47},"end":{"line":164,"column":49},"skip":true}]},"18":{"line":258,"type":"if","locations":[{"start":{"line":258,"column":8},"end":{"line":258,"column":8},"skip":true},{"start":{"line":258,"column":8},"end":{"line":258,"column":8},"skip":true}]},"19":{"line":275,"type":"switch","locations":[{"start":{"line":276,"column":20},"end":{"line":277,"column":64},"skip":true},{"start":{"line":278,"column":20},"end":{"line":279,"column":40},"skip":true},{"start":{"line":280,"column":20},"end":{"line":281,"column":40},"skip":true},{"start":{"line":282,"column":20},"end":{"line":283,"column":39},"skip":true}]},"20":{"line":288,"type":"if","locations":[{"start":{"line":288,"column":8},"end":{"line":288,"column":8},"skip":true},{"start":{"line":288,"column":8},"end":{"line":288,"column":8},"skip":true}]},"21":{"line":288,"type":"binary-expr","locations":[{"start":{"line":288,"column":12},"end":{"line":288,"column":40},"skip":true},{"start":{"line":288,"column":44},"end":{"line":288,"column":67},"skip":true}]},"22":{"line":292,"type":"binary-expr","locations":[{"start":{"line":292,"column":12},"end":{"line":292,"column":50},"skip":true},{"start":{"line":293,"column":12},"end":{"line":293,"column":53},"skip":true}]},"23":{"line":297,"type":"binary-expr","locations":[{"start":{"line":297,"column":12},"end":{"line":297,"column":73},"skip":true},{"start":{"line":298,"column":12},"end":{"line":301,"column":36},"skip":true}]},"24":{"line":303,"type":"binary-expr","locations":[{"start":{"line":303,"column":43},"end":{"line":303,"column":75},"skip":true},{"start":{"line":303,"column":79},"end":{"line":303,"column":81},"skip":true}]},"25":{"line":306,"type":"if","locations":[{"start":{"line":306,"column":8},"end":{"line":306,"column":8},"skip":true},{"start":{"line":306,"column":8},"end":{"line":306,"column":8},"skip":true}]},"26":{"line":310,"type":"if","locations":[{"start":{"line":310,"column":8},"end":{"line":310,"column":8},"skip":true},{"start":{"line":310,"column":8},"end":{"line":310,"column":8},"skip":true}]},"27":{"line":313,"type":"binary-expr","locations":[{"start":{"line":313,"column":27},"end":{"line":313,"column":43},"skip":true},{"start":{"line":313,"column":47},"end":{"line":313,"column":53},"skip":true}]},"28":{"line":317,"type":"if","locations":[{"start":{"line":317,"column":12},"end":{"line":317,"column":12},"skip":true},{"start":{"line":317,"column":12},"end":{"line":317,"column":12},"skip":true}]}},"code":["/*","example.js","","quickstart example","","instruction","    1. save this script as example.js","    2. run the shell command:","        $ npm install npmtest-homebridge-nest && PORT=8081 node example.js","    3. play with the browser-demo on http://127.0.0.1:8081","*/","","","","/* istanbul instrument in package npmtest_homebridge_nest */","/*jslint","    bitwise: true,","    browser: true,","    maxerr: 8,","    maxlen: 96,","    node: true,","    nomen: true,","    regexp: true,","    stupid: true","*/","(function () {","    'use strict';","    var local;","","","","    // run shared js-env code - pre-init","    (function () {","        // init local","        local = {};","        // init modeJs","        local.modeJs = (function () {","            try {","                return typeof navigator.userAgent === 'string' &&","                    typeof document.querySelector('body') === 'object' &&","                    typeof XMLHttpRequest.prototype.open === 'function' &&","                    'browser';","            } catch (errorCaughtBrowser) {","                return module.exports &&","                    typeof process.versions.node === 'string' &&","                    typeof require('http').createServer === 'function' &&","                    'node';","            }","        }());","        // init global","        local.global = local.modeJs === 'browser'","            ? window","            : global;","        // init utility2_rollup","        local = local.global.utility2_rollup || (local.modeJs === 'browser'","            ? local.global.utility2_npmtest_homebridge_nest","            : global.utility2_moduleExports);","        // export local","        local.global.local = local;","    }());","    switch (local.modeJs) {","","","","    // post-init","    // run browser js-env code - post-init","    /* istanbul ignore next */","    case 'browser':","        local.testRunBrowser = function (event) {","            if (!event || (event &&","                    event.currentTarget &&","                    event.currentTarget.className &&","                    event.currentTarget.className.includes &&","                    event.currentTarget.className.includes('onreset'))) {","                // reset output","                Array.from(","                    document.querySelectorAll('body > .resettable')","                ).forEach(function (element) {","                    switch (element.tagName) {","                    case 'INPUT':","                    case 'TEXTAREA':","                        element.value = '';","                        break;","                    default:","                        element.textContent = '';","                    }","                });","            }","            switch (event && event.currentTarget && event.currentTarget.id) {","            case 'testRunButton1':","                // show tests","                if (document.querySelector('#testReportDiv1').style.display === 'none') {","                    document.querySelector('#testReportDiv1').style.display = 'block';","                    document.querySelector('#testRunButton1').textContent =","                        'hide internal test';","                    local.modeTest = true;","                    local.testRunDefault(local);","                // hide tests","                } else {","                    document.querySelector('#testReportDiv1').style.display = 'none';","                    document.querySelector('#testRunButton1').textContent = 'run internal test';","                }","                break;","            // custom-case","            default:","                break;","            }","            if (document.querySelector('#inputTextareaEval1') && (!event || (event &&","                    event.currentTarget &&","                    event.currentTarget.className &&","                    event.currentTarget.className.includes &&","                    event.currentTarget.className.includes('oneval')))) {","                // try to eval input-code","                try {","                    /*jslint evil: true*/","                    eval(document.querySelector('#inputTextareaEval1').value);","                } catch (errorCaught) {","                    console.error(errorCaught);","                }","            }","        };","        // log stderr and stdout to #outputTextareaStdout1","        ['error', 'log'].forEach(function (key) {","            console[key + '_original'] = console[key];","            console[key] = function () {","                var element;","                console[key + '_original'].apply(console, arguments);","                element = document.querySelector('#outputTextareaStdout1');","                if (!element) {","                    return;","                }","                // append text to #outputTextareaStdout1","                element.value += Array.from(arguments).map(function (arg) {","                    return typeof arg === 'string'","                        ? arg","                        : JSON.stringify(arg, null, 4);","                }).join(' ') + '\\n';","                // scroll textarea to bottom","                element.scrollTop = element.scrollHeight;","            };","        });","        // init event-handling","        ['change', 'click', 'keyup'].forEach(function (event) {","            Array.from(document.querySelectorAll('.on' + event)).forEach(function (element) {","                element.addEventListener(event, local.testRunBrowser);","            });","        });","        // run tests","        local.testRunBrowser();","        break;","","","","    // run node js-env code - post-init","    /* istanbul ignore next */","    case 'node':","        // export local","        module.exports = local;","        // require modules","        local.fs = require('fs');","        local.http = require('http');","        local.url = require('url');","        // init assets","        local.assetsDict = local.assetsDict || {};","        /* jslint-ignore-begin */","        local.assetsDict['/assets.index.template.html'] = '\\","<!doctype html>\\n\\","<html lang=\"en\">\\n\\","<head>\\n\\","<meta charset=\"UTF-8\">\\n\\","<meta name=\"viewport\" content=\"width=device-width, initial-scale=1\">\\n\\","<title>{{env.npm_package_name}} (v{{env.npm_package_version}})</title>\\n\\","<style>\\n\\","/*csslint\\n\\","    box-sizing: false,\\n\\","    universal-selector: false\\n\\","*/\\n\\","* {\\n\\","    box-sizing: border-box;\\n\\","}\\n\\","body {\\n\\","    background: #dde;\\n\\","    font-family: Arial, Helvetica, sans-serif;\\n\\","    margin: 2rem;\\n\\","}\\n\\","body > * {\\n\\","    margin-bottom: 1rem;\\n\\","}\\n\\",".utility2FooterDiv {\\n\\","    margin-top: 20px;\\n\\","    text-align: center;\\n\\","}\\n\\","</style>\\n\\","<style>\\n\\","/*csslint\\n\\","*/\\n\\","textarea {\\n\\","    font-family: monospace;\\n\\","    height: 10rem;\\n\\","    width: 100%;\\n\\","}\\n\\","textarea[readonly] {\\n\\","    background: #ddd;\\n\\","}\\n\\","</style>\\n\\","</head>\\n\\","<body>\\n\\","<!-- utility2-comment\\n\\","<div id=\"ajaxProgressDiv1\" style=\"background: #d00; height: 2px; left: 0; margin: 0; padding: 0; position: fixed; top: 0; transition: background 0.5s, width 1.5s; width: 25%;\"></div>\\n\\","utility2-comment -->\\n\\","<h1>\\n\\","<!-- utility2-comment\\n\\","    <a\\n\\","        {{#if env.npm_package_homepage}}\\n\\","        href=\"{{env.npm_package_homepage}}\"\\n\\","        {{/if env.npm_package_homepage}}\\n\\","        target=\"_blank\"\\n\\","    >\\n\\","utility2-comment -->\\n\\","        {{env.npm_package_name}} (v{{env.npm_package_version}})\\n\\","<!-- utility2-comment\\n\\","    </a>\\n\\","utility2-comment -->\\n\\","</h1>\\n\\","<h3>{{env.npm_package_description}}</h3>\\n\\","<!-- utility2-comment\\n\\","<h4><a download href=\"assets.app.js\">download standalone app</a></h4>\\n\\","<button class=\"onclick onreset\" id=\"testRunButton1\">run internal test</button><br>\\n\\","<div id=\"testReportDiv1\" style=\"display: none;\"></div>\\n\\","utility2-comment -->\\n\\","\\n\\","\\n\\","\\n\\","<label>stderr and stdout</label>\\n\\","<textarea class=\"resettable\" id=\"outputTextareaStdout1\" readonly></textarea>\\n\\","<!-- utility2-comment\\n\\","{{#if isRollup}}\\n\\","<script src=\"assets.app.js\"></script>\\n\\","{{#unless isRollup}}\\n\\","utility2-comment -->\\n\\","<script src=\"assets.utility2.rollup.js\"></script>\\n\\","<script src=\"jsonp.utility2._stateInit?callback=window.utility2._stateInit\"></script>\\n\\","<script src=\"assets.npmtest_homebridge_nest.rollup.js\"></script>\\n\\","<script src=\"assets.example.js\"></script>\\n\\","<script src=\"assets.test.js\"></script>\\n\\","<!-- utility2-comment\\n\\","{{/if isRollup}}\\n\\","utility2-comment -->\\n\\","<div class=\"utility2FooterDiv\">\\n\\","    [ this app was created with\\n\\","    <a href=\"https://github.com/kaizhu256/node-utility2\" target=\"_blank\">utility2</a>\\n\\","    ]\\n\\","</div>\\n\\","</body>\\n\\","</html>\\n\\","';","        /* jslint-ignore-end */","        if (local.templateRender) {","            local.assetsDict['/'] = local.templateRender(","                local.assetsDict['/assets.index.template.html'],","                {","                    env: local.objectSetDefault(local.env, {","                        npm_package_description: 'the greatest app in the world!',","                        npm_package_name: 'my-app',","                        npm_package_nameAlias: 'my_app',","                        npm_package_version: '0.0.1'","                    })","                }","            );","        } else {","            local.assetsDict['/'] = local.assetsDict['/assets.index.template.html']","                .replace((/\\{\\{env\\.(\\w+?)\\}\\}/g), function (match0, match1) {","                    // jslint-hack","                    String(match0);","                    switch (match1) {","                    case 'npm_package_description':","                        return 'the greatest app in the world!';","                    case 'npm_package_name':","                        return 'my-app';","                    case 'npm_package_nameAlias':","                        return 'my_app';","                    case 'npm_package_version':","                        return '0.0.1';","                    }","                });","        }","        // run the cli","        if (local.global.utility2_rollup || module !== require.main) {","            break;","        }","        local.assetsDict['/assets.example.js'] =","            local.assetsDict['/assets.example.js'] ||","            local.fs.readFileSync(__filename, 'utf8');","        // bug-workaround - long $npm_package_buildCustomOrg","        /* jslint-ignore-begin */","        local.assetsDict['/assets.npmtest_homebridge_nest.rollup.js'] =","            local.assetsDict['/assets.npmtest_homebridge_nest.rollup.js'] ||","            local.fs.readFileSync(","                local.npmtest_homebridge_nest.__dirname + '/lib.npmtest_homebridge_nest.js',","                'utf8'","            ).replace((/^#!/), '//');","        /* jslint-ignore-end */","        local.assetsDict['/favicon.ico'] = local.assetsDict['/favicon.ico'] || '';","        // if $npm_config_timeout_exit exists,","        // then exit this process after $npm_config_timeout_exit ms","        if (Number(process.env.npm_config_timeout_exit)) {","            setTimeout(process.exit, Number(process.env.npm_config_timeout_exit));","        }","        // start server","        if (local.global.utility2_serverHttp1) {","            break;","        }","        process.env.PORT = process.env.PORT || '8081';","        console.error('server starting on port ' + process.env.PORT);","        local.http.createServer(function (request, response) {","            request.urlParsed = local.url.parse(request.url);","            if (local.assetsDict[request.urlParsed.pathname] !== undefined) {","                response.end(local.assetsDict[request.urlParsed.pathname]);","                return;","            }","            response.statusCode = 404;","            response.end();","        }).listen(process.env.PORT);","        break;","    }","}());",""],"l":{"26":2,"28":2,"33":2,"35":2,"37":2,"38":2,"39":2,"44":1,"51":2,"55":2,"59":2,"61":2,"69":1,"70":2,"76":2,"79":2,"82":2,"83":2,"85":1,"89":2,"92":1,"93":1,"94":1,"96":1,"97":1,"100":1,"101":1,"103":1,"106":1,"108":2,"114":1,"116":1,"118":1,"123":1,"124":2,"125":2,"126":3,"127":3,"128":3,"129":3,"130":1,"133":3,"134":3,"139":3,"143":1,"144":3,"145":1,"149":1,"150":1,"158":1,"160":1,"161":1,"162":1,"164":1,"166":1,"258":1,"259":1,"271":1,"274":6,"275":6,"277":1,"279":2,"281":1,"283":2,"288":1,"289":1,"291":1,"296":1,"303":1,"306":1,"307":1,"310":1,"311":1,"313":1,"314":1,"315":1,"316":1,"317":1,"318":1,"319":1,"321":1,"322":1,"324":1}},"/home/travis/build/npmtest/node-npmtest-homebridge-nest/node_modules/homebridge-nest/index.js":{"path":"/home/travis/build/npmtest/node-npmtest-homebridge-nest/node_modules/homebridge-nest/index.js","s":{"1":1,"2":1,"3":1,"4":1,"5":1,"6":1,"7":0,"8":0,"9":0,"10":0,"11":0,"12":0,"13":0,"14":0,"15":0,"16":0,"17":0,"18":0,"19":0,"20":0,"21":0,"22":0,"23":0,"24":0,"25":0,"26":0,"27":0,"28":0,"29":1,"30":0,"31":0,"32":0,"33":0,"34":0,"35":0,"36":1,"37":0,"38":0,"39":0,"40":0,"41":0,"42":0,"43":0,"44":0,"45":0,"46":0,"47":0,"48":0,"49":0,"50":0,"51":0,"52":0,"53":0,"54":0,"55":0,"56":0,"57":0,"58":0,"59":0,"60":0,"61":0,"62":0,"63":1,"64":0,"65":0,"66":0,"67":0,"68":0,"69":0,"70":0,"71":0,"72":0,"73":0,"74":0,"75":0,"76":0,"77":0,"78":0,"79":0,"80":0,"81":0,"82":0,"83":0,"84":0,"85":0,"86":0,"87":0,"88":0,"89":0,"90":0,"91":0,"92":0,"93":0,"94":0,"95":0,"96":0,"97":0,"98":0,"99":0,"100":0,"101":0,"102":0,"103":0,"104":0,"105":0,"106":0,"107":0,"108":0,"109":0,"110":0,"111":0,"112":0,"113":0,"114":0,"115":0,"116":0,"117":0,"118":0,"119":0,"120":0,"121":0,"122":0,"123":1,"124":0,"125":1,"126":0,"127":0,"128":0,"129":0,"130":0,"131":0,"132":0,"133":0,"134":0,"135":0,"136":0,"137":0,"138":0,"139":0,"140":0,"141":0,"142":1,"143":0,"144":0,"145":0,"146":0,"147":0,"148":0,"149":0,"150":0,"151":0,"152":0,"153":0,"154":0,"155":0,"156":0,"157":0,"158":0,"159":0,"160":0,"161":0,"162":0,"163":0,"164":0,"165":0,"166":0,"167":0,"168":0,"169":0,"170":0,"171":0,"172":0,"173":0,"174":0,"175":0,"176":0,"177":0,"178":0,"179":0,"180":0,"181":0,"182":0,"183":0,"184":0,"185":0,"186":0,"187":0,"188":0,"189":0,"190":0,"191":0,"192":1,"193":0,"194":1,"195":0,"196":0,"197":0,"198":0,"199":0,"200":0,"201":0,"202":0,"203":0,"204":0,"205":1,"206":0,"207":0,"208":0,"209":0,"210":0,"211":0,"212":0,"213":0,"214":0,"215":0,"216":0,"217":0,"218":0,"219":1,"220":0,"221":0,"222":0,"223":0,"224":0,"225":0,"226":1,"227":0,"228":1,"229":0,"230":1,"231":0,"232":1,"233":0,"234":0,"235":0,"236":0,"237":0,"238":0,"239":1,"240":0,"241":0,"242":0,"243":0,"244":1,"245":0,"246":0,"247":0,"248":0,"249":0,"250":0,"251":0,"252":0,"253":0,"254":0,"255":0,"256":0,"257":0,"258":0,"259":1,"260":0,"261":0,"262":0,"263":0,"264":0,"265":0,"266":0,"267":0,"268":0,"269":0,"270":0,"271":0,"272":0,"273":0,"274":0,"275":0,"276":1,"277":0,"278":0,"279":0,"280":0},"b":{"1":[0,0],"2":[0,0],"3":[0,0,0,0],"4":[0,0],"5":[0,0,0,0],"6":[0,0],"7":[0,0,0,0],"8":[0,0],"9":[0,0],"10":[0,0],"11":[0,0],"12":[0,0],"13":[0,0],"14":[0,0],"15":[0,0],"16":[0,0],"17":[0,0],"18":[0,0],"19":[0,0],"20":[0,0],"21":[0,0],"22":[0,0,0,0,0],"23":[0,0],"24":[0,0],"25":[0,0,0],"26":[0,0],"27":[0,0],"28":[0,0],"29":[0,0],"30":[0,0],"31":[0,0],"32":[0,0],"33":[0,0],"34":[0,0],"35":[0,0],"36":[0,0],"37":[0,0],"38":[0,0],"39":[0,0,0],"40":[0,0],"41":[0,0,0],"42":[0,0,0,0,0],"43":[0,0],"44":[0,0],"45":[0,0,0],"46":[0,0,0,0],"47":[0,0],"48":[0,0],"49":[0,0],"50":[0,0],"51":[0,0],"52":[0,0]},"f":{"1":0,"2":0,"3":0,"4":0,"5":0,"6":0,"7":0,"8":0,"9":0,"10":0,"11":0,"12":0,"13":0,"14":0,"15":0,"16":0,"17":0,"18":0,"19":0,"20":0,"21":0,"22":0,"23":0,"24":0,"25":0,"26":0,"27":0,"28":0,"29":0,"30":0,"31":0,"32":0,"33":0,"34":0,"35":0,"36":0,"37":0,"38":0,"39":0,"40":0,"41":0,"42":0,"43":0},"fnMap":{"1":{"name":"(anonymous_1)","line":8,"loc":{"start":{"line":8,"column":17},"end":{"line":8,"column":39}}},"2":{"name":"(anonymous_2)","line":17,"loc":{"start":{"line":17,"column":8},"end":{"line":17,"column":20}}},"3":{"name":"NestPlatform","line":52,"loc":{"start":{"line":52,"column":0},"end":{"line":52,"column":35}}},"4":{"name":"(anonymous_4)","line":63,"loc":{"start":{"line":63,"column":22},"end":{"line":63,"column":44}}},"5":{"name":"(anonymous_5)","line":64,"loc":{"start":{"line":64,"column":20},"end":{"line":64,"column":47}}},"6":{"name":"(anonymous_6)","line":89,"loc":{"start":{"line":89,"column":10},"end":{"line":89,"column":26}}},"7":{"name":"(anonymous_7)","line":93,"loc":{"start":{"line":93,"column":11},"end":{"line":93,"column":24}}},"8":{"name":"(anonymous_8)","line":102,"loc":{"start":{"line":102,"column":14},"end":{"line":102,"column":34}}},"9":{"name":"(anonymous_9)","line":107,"loc":{"start":{"line":107,"column":28},"end":{"line":107,"column":43}}},"10":{"name":"(anonymous_10)","line":110,"loc":{"start":{"line":110,"column":21},"end":{"line":110,"column":42}}},"11":{"name":"(anonymous_11)","line":131,"loc":{"start":{"line":131,"column":26},"end":{"line":131,"column":50}}},"12":{"name":"(anonymous_12)","line":132,"loc":{"start":{"line":132,"column":15},"end":{"line":132,"column":29}}},"13":{"name":"(anonymous_13)","line":140,"loc":{"start":{"line":140,"column":22},"end":{"line":140,"column":36}}},"14":{"name":"(anonymous_14)","line":144,"loc":{"start":{"line":144,"column":9},"end":{"line":144,"column":23}}},"15":{"name":"(anonymous_15)","line":148,"loc":{"start":{"line":148,"column":9},"end":{"line":148,"column":19}}},"16":{"name":"(anonymous_16)","line":151,"loc":{"start":{"line":151,"column":9},"end":{"line":151,"column":24}}},"17":{"name":"(anonymous_17)","line":154,"loc":{"start":{"line":154,"column":41},"end":{"line":154,"column":54}}},"18":{"name":"(anonymous_18)","line":158,"loc":{"start":{"line":158,"column":10},"end":{"line":158,"column":24}}},"19":{"name":"(anonymous_19)","line":167,"loc":{"start":{"line":167,"column":17},"end":{"line":167,"column":37}}},"20":{"name":"(anonymous_20)","line":173,"loc":{"start":{"line":173,"column":43},"end":{"line":173,"column":64}}},"21":{"name":"(anonymous_21)","line":177,"loc":{"start":{"line":177,"column":21},"end":{"line":177,"column":37}}},"22":{"name":"subscribe","line":197,"loc":{"start":{"line":197,"column":5},"end":{"line":197,"column":26}}},"23":{"name":"subscribeDone","line":201,"loc":{"start":{"line":201,"column":5},"end":{"line":201,"column":44}}},"24":{"name":"NestThermostatAccessory","line":234,"loc":{"start":{"line":234,"column":0},"end":{"line":234,"column":99}}},"25":{"name":"(anonymous_25)","line":259,"loc":{"start":{"line":259,"column":13},"end":{"line":259,"column":33}}},"26":{"name":"(anonymous_26)","line":268,"loc":{"start":{"line":268,"column":13},"end":{"line":268,"column":33}}},"27":{"name":"(anonymous_27)","line":277,"loc":{"start":{"line":277,"column":13},"end":{"line":277,"column":33}}},"28":{"name":"(anonymous_28)","line":285,"loc":{"start":{"line":285,"column":13},"end":{"line":285,"column":33}}},"29":{"name":"(anonymous_29)","line":293,"loc":{"start":{"line":293,"column":13},"end":{"line":293,"column":33}}},"30":{"name":"(anonymous_30)","line":301,"loc":{"start":{"line":301,"column":13},"end":{"line":301,"column":33}}},"31":{"name":"(anonymous_31)","line":310,"loc":{"start":{"line":310,"column":13},"end":{"line":310,"column":33}}},"32":{"name":"(anonymous_32)","line":320,"loc":{"start":{"line":320,"column":48},"end":{"line":320,"column":60}}},"33":{"name":"(anonymous_33)","line":324,"loc":{"start":{"line":324,"column":47},"end":{"line":324,"column":63}}},"34":{"name":"(anonymous_34)","line":338,"loc":{"start":{"line":338,"column":61},"end":{"line":338,"column":73}}},"35":{"name":"(anonymous_35)","line":360,"loc":{"start":{"line":360,"column":60},"end":{"line":360,"column":72}}},"36":{"name":"(anonymous_36)","line":375,"loc":{"start":{"line":375,"column":43},"end":{"line":375,"column":55}}},"37":{"name":"(anonymous_37)","line":379,"loc":{"start":{"line":379,"column":58},"end":{"line":379,"column":70}}},"38":{"name":"(anonymous_38)","line":383,"loc":{"start":{"line":383,"column":63},"end":{"line":383,"column":75}}},"39":{"name":"(anonymous_39)","line":387,"loc":{"start":{"line":387,"column":57},"end":{"line":387,"column":69}}},"40":{"name":"(anonymous_40)","line":400,"loc":{"start":{"line":400,"column":56},"end":{"line":400,"column":68}}},"41":{"name":"(anonymous_41)","line":411,"loc":{"start":{"line":411,"column":60},"end":{"line":411,"column":102}}},"42":{"name":"(anonymous_42)","line":435,"loc":{"start":{"line":435,"column":57},"end":{"line":435,"column":96}}},"43":{"name":"(anonymous_43)","line":461,"loc":{"start":{"line":461,"column":44},"end":{"line":461,"column":70}}}},"statementMap":{"1":{"start":{"line":1,"column":0},"end":{"line":1,"column":42}},"2":{"start":{"line":2,"column":0},"end":{"line":2,"column":57}},"3":{"start":{"line":3,"column":0},"end":{"line":3,"column":40}},"4":{"start":{"line":5,"column":0},"end":{"line":5,"column":51}},"5":{"start":{"line":6,"column":0},"end":{"line":6,"column":73}},"6":{"start":{"line":8,"column":0},"end":{"line":50,"column":2}},"7":{"start":{"line":9,"column":1},"end":{"line":9,"column":34}},"8":{"start":{"line":10,"column":1},"end":{"line":10,"column":48}},"9":{"start":{"line":11,"column":1},"end":{"line":11,"column":38}},"10":{"start":{"line":12,"column":1},"end":{"line":12,"column":28}},"11":{"start":{"line":17,"column":1},"end":{"line":24,"column":3}},"12":{"start":{"line":18,"column":2},"end":{"line":18,"column":76}},"13":{"start":{"line":19,"column":2},"end":{"line":22,"column":5}},"14":{"start":{"line":23,"column":2},"end":{"line":23,"column":38}},"15":{"start":{"line":25,"column":1},"end":{"line":25,"column":32}},"16":{"start":{"line":26,"column":1},"end":{"line":26,"column":15}},"17":{"start":{"line":27,"column":1},"end":{"line":27,"column":15}},"18":{"start":{"line":29,"column":1},"end":{"line":35,"column":3}},"19":{"start":{"line":37,"column":1},"end":{"line":37,"column":76}},"20":{"start":{"line":38,"column":1},"end":{"line":38,"column":84}},"21":{"start":{"line":39,"column":1},"end":{"line":39,"column":78}},"22":{"start":{"line":40,"column":1},"end":{"line":40,"column":70}},"23":{"start":{"line":42,"column":1},"end":{"line":42,"column":45}},"24":{"start":{"line":43,"column":1},"end":{"line":43,"column":46}},"25":{"start":{"line":44,"column":1},"end":{"line":44,"column":64}},"26":{"start":{"line":45,"column":1},"end":{"line":47,"column":2}},"27":{"start":{"line":46,"column":2},"end":{"line":46,"column":50}},"28":{"start":{"line":49,"column":1},"end":{"line":49,"column":70}},"29":{"start":{"line":52,"column":0},"end":{"line":61,"column":1}},"30":{"start":{"line":54,"column":1},"end":{"line":54,"column":36}},"31":{"start":{"line":55,"column":1},"end":{"line":55,"column":36}},"32":{"start":{"line":56,"column":1},"end":{"line":56,"column":22}},"33":{"start":{"line":58,"column":1},"end":{"line":58,"column":16}},"34":{"start":{"line":59,"column":1},"end":{"line":59,"column":27}},"35":{"start":{"line":60,"column":1},"end":{"line":60,"column":40}},"36":{"start":{"line":63,"column":0},"end":{"line":99,"column":2}},"37":{"start":{"line":64,"column":1},"end":{"line":98,"column":4}},"38":{"start":{"line":65,"column":2},"end":{"line":65,"column":30}},"39":{"start":{"line":66,"column":2},"end":{"line":66,"column":36}},"40":{"start":{"line":67,"column":2},"end":{"line":67,"column":44}},"41":{"start":{"line":68,"column":2},"end":{"line":68,"column":28}},"42":{"start":{"line":69,"column":2},"end":{"line":69,"column":110}},"43":{"start":{"line":71,"column":2},"end":{"line":71,"column":10}},"44":{"start":{"line":72,"column":2},"end":{"line":78,"column":3}},"45":{"start":{"line":73,"column":3},"end":{"line":73,"column":125}},"46":{"start":{"line":74,"column":9},"end":{"line":78,"column":3}},"47":{"start":{"line":75,"column":3},"end":{"line":75,"column":99}},"48":{"start":{"line":76,"column":9},"end":{"line":78,"column":3}},"49":{"start":{"line":77,"column":3},"end":{"line":77,"column":127}},"50":{"start":{"line":79,"column":2},"end":{"line":82,"column":3}},"51":{"start":{"line":80,"column":3},"end":{"line":80,"column":26}},"52":{"start":{"line":81,"column":3},"end":{"line":81,"column":10}},"53":{"start":{"line":84,"column":2},"end":{"line":84,"column":44}},"54":{"start":{"line":85,"column":2},"end":{"line":97,"column":3}},"55":{"start":{"line":86,"column":3},"end":{"line":86,"column":16}},"56":{"start":{"line":88,"column":3},"end":{"line":96,"column":7}},"57":{"start":{"line":90,"column":5},"end":{"line":90,"column":107}},"58":{"start":{"line":90,"column":14},"end":{"line":90,"column":107}},"59":{"start":{"line":91,"column":5},"end":{"line":91,"column":19}},"60":{"start":{"line":94,"column":5},"end":{"line":94,"column":17}},"61":{"start":{"line":95,"column":5},"end":{"line":95,"column":137}},"62":{"start":{"line":95,"column":14},"end":{"line":95,"column":137}},"63":{"start":{"line":101,"column":0},"end":{"line":232,"column":1}},"64":{"start":{"line":103,"column":2},"end":{"line":103,"column":37}},"65":{"start":{"line":105,"column":2},"end":{"line":105,"column":18}},"66":{"start":{"line":107,"column":2},"end":{"line":129,"column":15}},"67":{"start":{"line":108,"column":3},"end":{"line":108,"column":29}},"68":{"start":{"line":110,"column":3},"end":{"line":122,"column":16}},"69":{"start":{"line":111,"column":4},"end":{"line":111,"column":68}},"70":{"start":{"line":112,"column":4},"end":{"line":121,"column":5}},"71":{"start":{"line":113,"column":5},"end":{"line":120,"column":6}},"72":{"start":{"line":114,"column":6},"end":{"line":114,"column":34}},"73":{"start":{"line":115,"column":6},"end":{"line":115,"column":47}},"74":{"start":{"line":116,"column":6},"end":{"line":116,"column":51}},"75":{"start":{"line":117,"column":6},"end":{"line":117,"column":77}},"76":{"start":{"line":118,"column":6},"end":{"line":118,"column":49}},"77":{"start":{"line":119,"column":6},"end":{"line":119,"column":39}},"78":{"start":{"line":124,"column":3},"end":{"line":124,"column":36}},"79":{"start":{"line":125,"column":3},"end":{"line":125,"column":33}},"80":{"start":{"line":126,"column":3},"end":{"line":126,"column":29}},"81":{"start":{"line":128,"column":3},"end":{"line":128,"column":27}},"82":{"start":{"line":131,"column":2},"end":{"line":138,"column":4}},"83":{"start":{"line":132,"column":3},"end":{"line":137,"column":17}},"84":{"start":{"line":133,"column":4},"end":{"line":133,"column":61}},"85":{"start":{"line":134,"column":4},"end":{"line":134,"column":45}},"86":{"start":{"line":135,"column":4},"end":{"line":135,"column":49}},"87":{"start":{"line":136,"column":4},"end":{"line":136,"column":38}},"88":{"start":{"line":140,"column":2},"end":{"line":142,"column":4}},"89":{"start":{"line":141,"column":3},"end":{"line":141,"column":49}},"90":{"start":{"line":143,"column":2},"end":{"line":165,"column":6}},"91":{"start":{"line":145,"column":4},"end":{"line":145,"column":21}},"92":{"start":{"line":146,"column":4},"end":{"line":146,"column":28}},"93":{"start":{"line":149,"column":4},"end":{"line":149,"column":46}},"94":{"start":{"line":152,"column":4},"end":{"line":152,"column":53}},"95":{"start":{"line":153,"column":4},"end":{"line":156,"column":5}},"96":{"start":{"line":154,"column":5},"end":{"line":154,"column":69}},"97":{"start":{"line":154,"column":56},"end":{"line":154,"column":65}},"98":{"start":{"line":155,"column":5},"end":{"line":155,"column":20}},"99":{"start":{"line":159,"column":4},"end":{"line":159,"column":24}},"100":{"start":{"line":160,"column":4},"end":{"line":164,"column":5}},"101":{"start":{"line":161,"column":5},"end":{"line":161,"column":35}},"102":{"start":{"line":162,"column":11},"end":{"line":164,"column":5}},"103":{"start":{"line":163,"column":5},"end":{"line":163,"column":18}},"104":{"start":{"line":168,"column":2},"end":{"line":168,"column":47}},"105":{"start":{"line":170,"column":2},"end":{"line":170,"column":18}},"106":{"start":{"line":171,"column":2},"end":{"line":171,"column":28}},"107":{"start":{"line":173,"column":2},"end":{"line":230,"column":5}},"108":{"start":{"line":174,"column":3},"end":{"line":229,"column":4}},"109":{"start":{"line":175,"column":4},"end":{"line":175,"column":62}},"110":{"start":{"line":177,"column":4},"end":{"line":228,"column":7}},"111":{"start":{"line":178,"column":5},"end":{"line":196,"column":6}},"112":{"start":{"line":179,"column":6},"end":{"line":195,"column":7}},"113":{"start":{"line":180,"column":7},"end":{"line":180,"column":42}},"114":{"start":{"line":182,"column":7},"end":{"line":194,"column":8}},"115":{"start":{"line":183,"column":8},"end":{"line":183,"column":48}},"116":{"start":{"line":184,"column":8},"end":{"line":184,"column":85}},"117":{"start":{"line":185,"column":8},"end":{"line":185,"column":52}},"118":{"start":{"line":186,"column":8},"end":{"line":186,"column":36}},"119":{"start":{"line":187,"column":8},"end":{"line":190,"column":33}},"120":{"start":{"line":191,"column":8},"end":{"line":191,"column":51}},"121":{"start":{"line":192,"column":8},"end":{"line":192,"column":67}},"122":{"start":{"line":193,"column":8},"end":{"line":193,"column":41}},"123":{"start":{"line":197,"column":5},"end":{"line":199,"column":6}},"124":{"start":{"line":198,"column":6},"end":{"line":198,"column":71}},"125":{"start":{"line":201,"column":5},"end":{"line":224,"column":6}},"126":{"start":{"line":203,"column":6},"end":{"line":222,"column":7}},"127":{"start":{"line":204,"column":7},"end":{"line":204,"column":62}},"128":{"start":{"line":205,"column":7},"end":{"line":205,"column":89}},"129":{"start":{"line":206,"column":7},"end":{"line":220,"column":8}},"130":{"start":{"line":207,"column":8},"end":{"line":219,"column":9}},"131":{"start":{"line":209,"column":10},"end":{"line":209,"column":37}},"132":{"start":{"line":210,"column":10},"end":{"line":210,"column":16}},"133":{"start":{"line":212,"column":10},"end":{"line":212,"column":34}},"134":{"start":{"line":213,"column":10},"end":{"line":213,"column":33}},"135":{"start":{"line":214,"column":10},"end":{"line":214,"column":16}},"136":{"start":{"line":216,"column":10},"end":{"line":216,"column":37}},"137":{"start":{"line":217,"column":10},"end":{"line":217,"column":33}},"138":{"start":{"line":218,"column":10},"end":{"line":218,"column":16}},"139":{"start":{"line":223,"column":6},"end":{"line":223,"column":34}},"140":{"start":{"line":226,"column":5},"end":{"line":226,"column":17}},"141":{"start":{"line":227,"column":5},"end":{"line":227,"column":31}},"142":{"start":{"line":234,"column":0},"end":{"line":318,"column":1}},"143":{"start":{"line":236,"column":1},"end":{"line":236,"column":53}},"144":{"start":{"line":237,"column":1},"end":{"line":237,"column":26}},"145":{"start":{"line":238,"column":1},"end":{"line":238,"column":16}},"146":{"start":{"line":239,"column":1},"end":{"line":239,"column":22}},"147":{"start":{"line":241,"column":1},"end":{"line":241,"column":55}},"148":{"start":{"line":242,"column":1},"end":{"line":242,"column":37}},"149":{"start":{"line":243,"column":1},"end":{"line":243,"column":21}},"150":{"start":{"line":245,"column":1},"end":{"line":245,"column":32}},"151":{"start":{"line":247,"column":1},"end":{"line":247,"column":32}},"152":{"start":{"line":248,"column":1},"end":{"line":248,"column":28}},"153":{"start":{"line":250,"column":1},"end":{"line":253,"column":72}},"154":{"start":{"line":255,"column":1},"end":{"line":255,"column":43}},"155":{"start":{"line":257,"column":1},"end":{"line":264,"column":38}},"156":{"start":{"line":260,"column":3},"end":{"line":260,"column":28}},"157":{"start":{"line":261,"column":3},"end":{"line":261,"column":54}},"158":{"start":{"line":262,"column":3},"end":{"line":262,"column":38}},"159":{"start":{"line":262,"column":17},"end":{"line":262,"column":38}},"160":{"start":{"line":266,"column":1},"end":{"line":273,"column":16}},"161":{"start":{"line":269,"column":3},"end":{"line":269,"column":42}},"162":{"start":{"line":270,"column":3},"end":{"line":270,"column":105}},"163":{"start":{"line":271,"column":3},"end":{"line":271,"column":71}},"164":{"start":{"line":272,"column":3},"end":{"line":272,"column":39}},"165":{"start":{"line":272,"column":17},"end":{"line":272,"column":39}},"166":{"start":{"line":275,"column":1},"end":{"line":281,"column":16}},"167":{"start":{"line":278,"column":3},"end":{"line":278,"column":46}},"168":{"start":{"line":279,"column":3},"end":{"line":279,"column":72}},"169":{"start":{"line":280,"column":3},"end":{"line":280,"column":41}},"170":{"start":{"line":280,"column":17},"end":{"line":280,"column":41}},"171":{"start":{"line":283,"column":1},"end":{"line":289,"column":16}},"172":{"start":{"line":286,"column":3},"end":{"line":286,"column":59}},"173":{"start":{"line":287,"column":3},"end":{"line":287,"column":78}},"174":{"start":{"line":288,"column":3},"end":{"line":288,"column":51}},"175":{"start":{"line":288,"column":17},"end":{"line":288,"column":51}},"176":{"start":{"line":291,"column":1},"end":{"line":297,"column":16}},"177":{"start":{"line":294,"column":3},"end":{"line":294,"column":55}},"178":{"start":{"line":295,"column":3},"end":{"line":295,"column":73}},"179":{"start":{"line":296,"column":3},"end":{"line":296,"column":45}},"180":{"start":{"line":296,"column":17},"end":{"line":296,"column":45}},"181":{"start":{"line":299,"column":1},"end":{"line":306,"column":51}},"182":{"start":{"line":302,"column":3},"end":{"line":302,"column":48}},"183":{"start":{"line":303,"column":3},"end":{"line":303,"column":74}},"184":{"start":{"line":304,"column":3},"end":{"line":304,"column":44}},"185":{"start":{"line":304,"column":17},"end":{"line":304,"column":44}},"186":{"start":{"line":308,"column":1},"end":{"line":315,"column":54}},"187":{"start":{"line":311,"column":3},"end":{"line":311,"column":61}},"188":{"start":{"line":312,"column":3},"end":{"line":312,"column":80}},"189":{"start":{"line":313,"column":3},"end":{"line":313,"column":54}},"190":{"start":{"line":313,"column":17},"end":{"line":313,"column":54}},"191":{"start":{"line":317,"column":1},"end":{"line":317,"column":30}},"192":{"start":{"line":320,"column":0},"end":{"line":322,"column":2}},"193":{"start":{"line":321,"column":1},"end":{"line":321,"column":22}},"194":{"start":{"line":324,"column":0},"end":{"line":336,"column":2}},"195":{"start":{"line":325,"column":1},"end":{"line":327,"column":2}},"196":{"start":{"line":326,"column":2},"end":{"line":326,"column":26}},"197":{"start":{"line":328,"column":1},"end":{"line":328,"column":54}},"198":{"start":{"line":329,"column":1},"end":{"line":329,"column":47}},"199":{"start":{"line":330,"column":1},"end":{"line":330,"column":81}},"200":{"start":{"line":331,"column":1},"end":{"line":331,"column":76}},"201":{"start":{"line":332,"column":1},"end":{"line":332,"column":84}},"202":{"start":{"line":333,"column":1},"end":{"line":333,"column":81}},"203":{"start":{"line":334,"column":1},"end":{"line":334,"column":83}},"204":{"start":{"line":335,"column":1},"end":{"line":335,"column":75}},"205":{"start":{"line":338,"column":0},"end":{"line":358,"column":2}},"206":{"start":{"line":339,"column":1},"end":{"line":339,"column":44}},"207":{"start":{"line":340,"column":1},"end":{"line":340,"column":44}},"208":{"start":{"line":342,"column":1},"end":{"line":342,"column":122}},"209":{"start":{"line":343,"column":1},"end":{"line":343,"column":101}},"210":{"start":{"line":344,"column":1},"end":{"line":344,"column":99}},"211":{"start":{"line":347,"column":1},"end":{"line":347,"column":20}},"212":{"start":{"line":348,"column":1},"end":{"line":348,"column":19}},"213":{"start":{"line":349,"column":1},"end":{"line":349,"column":18}},"214":{"start":{"line":351,"column":1},"end":{"line":353,"column":2}},"215":{"start":{"line":352,"column":2},"end":{"line":352,"column":56}},"216":{"start":{"line":354,"column":1},"end":{"line":356,"column":2}},"217":{"start":{"line":355,"column":2},"end":{"line":355,"column":56}},"218":{"start":{"line":357,"column":1},"end":{"line":357,"column":54}},"219":{"start":{"line":360,"column":0},"end":{"line":373,"column":2}},"220":{"start":{"line":361,"column":1},"end":{"line":372,"column":2}},"221":{"start":{"line":363,"column":3},"end":{"line":363,"column":56}},"222":{"start":{"line":365,"column":3},"end":{"line":365,"column":57}},"223":{"start":{"line":367,"column":3},"end":{"line":367,"column":57}},"224":{"start":{"line":369,"column":3},"end":{"line":369,"column":106}},"225":{"start":{"line":371,"column":3},"end":{"line":371,"column":56}},"226":{"start":{"line":375,"column":0},"end":{"line":377,"column":2}},"227":{"start":{"line":376,"column":1},"end":{"line":376,"column":28}},"228":{"start":{"line":379,"column":0},"end":{"line":381,"column":2}},"229":{"start":{"line":380,"column":1},"end":{"line":380,"column":45}},"230":{"start":{"line":383,"column":0},"end":{"line":385,"column":2}},"231":{"start":{"line":384,"column":1},"end":{"line":384,"column":37}},"232":{"start":{"line":387,"column":0},"end":{"line":398,"column":2}},"233":{"start":{"line":388,"column":1},"end":{"line":397,"column":2}},"234":{"start":{"line":391,"column":3},"end":{"line":391,"column":55}},"235":{"start":{"line":392,"column":3},"end":{"line":392,"column":53}},"236":{"start":{"line":393,"column":3},"end":{"line":393,"column":50}},"237":{"start":{"line":394,"column":3},"end":{"line":394,"column":66}},"238":{"start":{"line":396,"column":3},"end":{"line":396,"column":46}},"239":{"start":{"line":400,"column":0},"end":{"line":409,"column":2}},"240":{"start":{"line":401,"column":1},"end":{"line":408,"column":2}},"241":{"start":{"line":403,"column":3},"end":{"line":403,"column":60}},"242":{"start":{"line":405,"column":3},"end":{"line":405,"column":57}},"243":{"start":{"line":407,"column":3},"end":{"line":407,"column":57}},"244":{"start":{"line":411,"column":0},"end":{"line":433,"column":2}},"245":{"start":{"line":412,"column":1},"end":{"line":412,"column":34}},"246":{"start":{"line":414,"column":1},"end":{"line":427,"column":2}},"247":{"start":{"line":416,"column":3},"end":{"line":416,"column":34}},"248":{"start":{"line":417,"column":3},"end":{"line":417,"column":9}},"249":{"start":{"line":419,"column":3},"end":{"line":419,"column":34}},"250":{"start":{"line":420,"column":3},"end":{"line":420,"column":9}},"251":{"start":{"line":422,"column":3},"end":{"line":422,"column":35}},"252":{"start":{"line":423,"column":3},"end":{"line":423,"column":9}},"253":{"start":{"line":425,"column":3},"end":{"line":425,"column":33}},"254":{"start":{"line":426,"column":3},"end":{"line":426,"column":9}},"255":{"start":{"line":429,"column":1},"end":{"line":429,"column":95}},"256":{"start":{"line":430,"column":1},"end":{"line":430,"column":69}},"257":{"start":{"line":432,"column":1},"end":{"line":432,"column":53}},"258":{"start":{"line":432,"column":15},"end":{"line":432,"column":53}},"259":{"start":{"line":435,"column":0},"end":{"line":459,"column":2}},"260":{"start":{"line":437,"column":1},"end":{"line":456,"column":2}},"261":{"start":{"line":440,"column":3},"end":{"line":440,"column":55}},"262":{"start":{"line":441,"column":3},"end":{"line":441,"column":53}},"263":{"start":{"line":442,"column":3},"end":{"line":442,"column":50}},"264":{"start":{"line":443,"column":3},"end":{"line":443,"column":63}},"265":{"start":{"line":444,"column":3},"end":{"line":448,"column":4}},"266":{"start":{"line":445,"column":4},"end":{"line":445,"column":29}},"267":{"start":{"line":447,"column":4},"end":{"line":447,"column":28}},"268":{"start":{"line":449,"column":3},"end":{"line":449,"column":127}},"269":{"start":{"line":450,"column":3},"end":{"line":450,"column":54}},"270":{"start":{"line":451,"column":3},"end":{"line":451,"column":9}},"271":{"start":{"line":453,"column":3},"end":{"line":453,"column":89}},"272":{"start":{"line":454,"column":3},"end":{"line":454,"column":57}},"273":{"start":{"line":455,"column":3},"end":{"line":455,"column":9}},"274":{"start":{"line":458,"column":1},"end":{"line":458,"column":49}},"275":{"start":{"line":458,"column":15},"end":{"line":458,"column":49}},"276":{"start":{"line":461,"column":0},"end":{"line":465,"column":1}},"277":{"start":{"line":462,"column":1},"end":{"line":462,"column":60}},"278":{"start":{"line":463,"column":1},"end":{"line":463,"column":47}},"279":{"start":{"line":464,"column":1},"end":{"line":464,"column":36}},"280":{"start":{"line":464,"column":15},"end":{"line":464,"column":36}}},"branchMap":{"1":{"line":69,"type":"cond-expr","locations":[{"start":{"line":69,"column":27},"end":{"line":69,"column":102}},{"start":{"line":69,"column":105},"end":{"line":69,"column":109}}]},"2":{"line":72,"type":"if","locations":[{"start":{"line":72,"column":2},"end":{"line":72,"column":2}},{"start":{"line":72,"column":2},"end":{"line":72,"column":2}}]},"3":{"line":72,"type":"binary-expr","locations":[{"start":{"line":72,"column":6},"end":{"line":72,"column":12}},{"start":{"line":72,"column":16},"end":{"line":72,"column":25}},{"start":{"line":72,"column":29},"end":{"line":72,"column":42}},{"start":{"line":72,"column":46},"end":{"line":72,"column":51}}]},"4":{"line":74,"type":"if","locations":[{"start":{"line":74,"column":9},"end":{"line":74,"column":9}},{"start":{"line":74,"column":9},"end":{"line":74,"column":9}}]},"5":{"line":74,"type":"binary-expr","locations":[{"start":{"line":74,"column":13},"end":{"line":74,"column":19}},{"start":{"line":74,"column":23},"end":{"line":74,"column":31}},{"start":{"line":74,"column":35},"end":{"line":74,"column":47}},{"start":{"line":74,"column":51},"end":{"line":74,"column":56}}]},"6":{"line":76,"type":"if","locations":[{"start":{"line":76,"column":9},"end":{"line":76,"column":9}},{"start":{"line":76,"column":9},"end":{"line":76,"column":9}}]},"7":{"line":76,"type":"binary-expr","locations":[{"start":{"line":76,"column":13},"end":{"line":76,"column":19}},{"start":{"line":76,"column":24},"end":{"line":76,"column":33}},{"start":{"line":76,"column":37},"end":{"line":76,"column":50}},{"start":{"line":76,"column":54},"end":{"line":76,"column":59}}]},"8":{"line":79,"type":"if","locations":[{"start":{"line":79,"column":2},"end":{"line":79,"column":2}},{"start":{"line":79,"column":2},"end":{"line":79,"column":2}}]},"9":{"line":85,"type":"if","locations":[{"start":{"line":85,"column":2},"end":{"line":85,"column":2}},{"start":{"line":85,"column":2},"end":{"line":85,"column":2}}]},"10":{"line":90,"type":"if","locations":[{"start":{"line":90,"column":5},"end":{"line":90,"column":5}},{"start":{"line":90,"column":5},"end":{"line":90,"column"
[...]
":1},"end":{"line":54,"column":3}},"27":{"start":{"line":44,"column":2},"end":{"line":53,"column":3}},"28":{"start":{"line":46,"column":4},"end":{"line":46,"column":17}},"29":{"start":{"line":48,"column":4},"end":{"line":48,"column":21}},"30":{"start":{"line":50,"column":4},"end":{"line":50,"column":21}},"31":{"start":{"line":52,"column":4},"end":{"line":52,"column":29}},"32":{"start":{"line":56,"column":1},"end":{"line":58,"column":14}},"33":{"start":{"line":57,"column":2},"end":{"line":57,"column":93}},"34":{"start":{"line":60,"column":1},"end":{"line":62,"column":4}},"35":{"start":{"line":61,"column":2},"end":{"line":61,"column":93}},"36":{"start":{"line":64,"column":1},"end":{"line":64,"column":140}},"37":{"start":{"line":65,"column":1},"end":{"line":65,"column":146}},"38":{"start":{"line":66,"column":1},"end":{"line":68,"column":4}},"39":{"start":{"line":67,"column":2},"end":{"line":67,"column":19}},"40":{"start":{"line":70,"column":1},"end":{"line":70,"column":158}},"41":{"start":{"line":71,"column":1},"end":{"line":71,"column":167}},"42":{"start":{"line":73,"column":1},"end":{"line":73,"column":47}},"43":{"start":{"line":75,"column":1},"end":{"line":75,"column":19}},"44":{"start":{"line":78,"column":0},"end":{"line":89,"column":2}},"45":{"start":{"line":79,"column":1},"end":{"line":88,"column":2}},"46":{"start":{"line":81,"column":3},"end":{"line":81,"column":56}},"47":{"start":{"line":83,"column":3},"end":{"line":83,"column":57}},"48":{"start":{"line":85,"column":3},"end":{"line":85,"column":57}},"49":{"start":{"line":87,"column":3},"end":{"line":87,"column":56}},"50":{"start":{"line":91,"column":0},"end":{"line":104,"column":2}},"51":{"start":{"line":92,"column":1},"end":{"line":103,"column":2}},"52":{"start":{"line":94,"column":3},"end":{"line":94,"column":56}},"53":{"start":{"line":96,"column":3},"end":{"line":96,"column":57}},"54":{"start":{"line":98,"column":3},"end":{"line":98,"column":57}},"55":{"start":{"line":100,"column":3},"end":{"line":100,"column":106}},"56":{"start":{"line":102,"column":3},"end":{"line":102,"column":56}},"57":{"start":{"line":106,"column":0},"end":{"line":112,"column":2}},"58":{"start":{"line":107,"column":1},"end":{"line":111,"column":2}},"59":{"start":{"line":108,"column":2},"end":{"line":108,"column":64}},"60":{"start":{"line":110,"column":2},"end":{"line":110,"column":43}},"61":{"start":{"line":114,"column":0},"end":{"line":116,"column":2}},"62":{"start":{"line":115,"column":1},"end":{"line":115,"column":29}},"63":{"start":{"line":118,"column":0},"end":{"line":139,"column":2}},"64":{"start":{"line":119,"column":1},"end":{"line":138,"column":2}},"65":{"start":{"line":122,"column":3},"end":{"line":122,"column":17}},"66":{"start":{"line":123,"column":3},"end":{"line":129,"column":4}},"67":{"start":{"line":124,"column":4},"end":{"line":124,"column":70}},"68":{"start":{"line":125,"column":4},"end":{"line":125,"column":68}},"69":{"start":{"line":127,"column":4},"end":{"line":127,"column":49}},"70":{"start":{"line":128,"column":4},"end":{"line":128,"column":47}},"71":{"start":{"line":130,"column":3},"end":{"line":130,"column":42}},"72":{"start":{"line":131,"column":3},"end":{"line":131,"column":66}},"73":{"start":{"line":133,"column":3},"end":{"line":137,"column":4}},"74":{"start":{"line":134,"column":4},"end":{"line":134,"column":65}},"75":{"start":{"line":136,"column":4},"end":{"line":136,"column":44}},"76":{"start":{"line":141,"column":0},"end":{"line":150,"column":2}},"77":{"start":{"line":142,"column":1},"end":{"line":149,"column":2}},"78":{"start":{"line":144,"column":3},"end":{"line":144,"column":60}},"79":{"start":{"line":146,"column":3},"end":{"line":146,"column":57}},"80":{"start":{"line":148,"column":3},"end":{"line":148,"column":57}},"81":{"start":{"line":152,"column":0},"end":{"line":154,"column":1}},"82":{"start":{"line":153,"column":1},"end":{"line":153,"column":33}},"83":{"start":{"line":156,"column":0},"end":{"line":158,"column":1}},"84":{"start":{"line":157,"column":1},"end":{"line":157,"column":33}},"85":{"start":{"line":160,"column":0},"end":{"line":180,"column":2}},"86":{"start":{"line":161,"column":1},"end":{"line":161,"column":16}},"87":{"start":{"line":163,"column":1},"end":{"line":176,"column":2}},"88":{"start":{"line":165,"column":3},"end":{"line":165,"column":16}},"89":{"start":{"line":166,"column":3},"end":{"line":166,"column":9}},"90":{"start":{"line":168,"column":3},"end":{"line":168,"column":16}},"91":{"start":{"line":169,"column":3},"end":{"line":169,"column":9}},"92":{"start":{"line":171,"column":3},"end":{"line":171,"column":21}},"93":{"start":{"line":172,"column":3},"end":{"line":172,"column":9}},"94":{"start":{"line":174,"column":3},"end":{"line":174,"column":15}},"95":{"start":{"line":175,"column":3},"end":{"line":175,"column":9}},"96":{"start":{"line":178,"column":1},"end":{"line":179,"column":24}},"97":{"start":{"line":182,"column":0},"end":{"line":216,"column":2}},"98":{"start":{"line":183,"column":1},"end":{"line":183,"column":44}},"99":{"start":{"line":184,"column":1},"end":{"line":190,"column":2}},"100":{"start":{"line":186,"column":2},"end":{"line":186,"column":73}},"101":{"start":{"line":189,"column":2},"end":{"line":189,"column":62}},"102":{"start":{"line":192,"column":1},"end":{"line":192,"column":33}},"103":{"start":{"line":193,"column":1},"end":{"line":193,"column":15}},"104":{"start":{"line":194,"column":1},"end":{"line":209,"column":2}},"105":{"start":{"line":196,"column":2},"end":{"line":196,"column":16}},"106":{"start":{"line":197,"column":2},"end":{"line":203,"column":3}},"107":{"start":{"line":198,"column":3},"end":{"line":198,"column":69}},"108":{"start":{"line":199,"column":3},"end":{"line":199,"column":67}},"109":{"start":{"line":201,"column":3},"end":{"line":201,"column":48}},"110":{"start":{"line":202,"column":3},"end":{"line":202,"column":46}},"111":{"start":{"line":204,"column":2},"end":{"line":204,"column":41}},"112":{"start":{"line":205,"column":2},"end":{"line":205,"column":62}},"113":{"start":{"line":206,"column":2},"end":{"line":206,"column":37}},"114":{"start":{"line":207,"column":2},"end":{"line":207,"column":20}},"115":{"start":{"line":208,"column":2},"end":{"line":208,"column":14}},"116":{"start":{"line":211,"column":1},"end":{"line":211,"column":37}},"117":{"start":{"line":213,"column":1},"end":{"line":215,"column":24}},"118":{"start":{"line":218,"column":0},"end":{"line":220,"column":2}},"119":{"start":{"line":219,"column":1},"end":{"line":219,"column":88}}},"branchMap":{"1":{"line":12,"type":"if","locations":[{"start":{"line":12,"column":1},"end":{"line":12,"column":1}},{"start":{"line":12,"column":1},"end":{"line":12,"column":1}}]},"2":{"line":12,"type":"binary-expr","locations":[{"start":{"line":12,"column":5},"end":{"line":12,"column":18}},{"start":{"line":12,"column":22},"end":{"line":12,"column":32}}]},"3":{"line":40,"type":"cond-expr","locations":[{"start":{"line":40,"column":33},"end":{"line":40,"column":62}},{"start":{"line":40,"column":65},"end":{"line":40,"column":73}}]},"4":{"line":44,"type":"switch","locations":[{"start":{"line":45,"column":3},"end":{"line":46,"column":17}},{"start":{"line":47,"column":3},"end":{"line":48,"column":21}},{"start":{"line":49,"column":3},"end":{"line":50,"column":21}},{"start":{"line":51,"column":3},"end":{"line":52,"column":29}}]},"5":{"line":61,"type":"cond-expr","locations":[{"start":{"line":61,"column":68},"end":{"line":61,"column":80}},{"start":{"line":61,"column":83},"end":{"line":61,"column":92}}]},"6":{"line":79,"type":"switch","locations":[{"start":{"line":80,"column":2},"end":{"line":81,"column":56}},{"start":{"line":82,"column":2},"end":{"line":83,"column":57}},{"start":{"line":84,"column":2},"end":{"line":85,"column":57}},{"start":{"line":86,"column":2},"end":{"line":87,"column":56}}]},"7":{"line":92,"type":"switch","locations":[{"start":{"line":93,"column":2},"end":{"line":94,"column":56}},{"start":{"line":95,"column":2},"end":{"line":96,"column":57}},{"start":{"line":97,"column":2},"end":{"line":98,"column":57}},{"start":{"line":99,"column":2},"end":{"line":100,"column":106}},{"start":{"line":101,"column":2},"end":{"line":102,"column":56}}]},"8":{"line":107,"type":"if","locations":[{"start":{"line":107,"column":1},"end":{"line":107,"column":1}},{"start":{"line":107,"column":1},"end":{"line":107,"column":1}}]},"9":{"line":119,"type":"switch","locations":[{"start":{"line":120,"column":2},"end":{"line":131,"column":66}},{"start":{"line":132,"column":2},"end":{"line":137,"column":4}}]},"10":{"line":123,"type":"if","locations":[{"start":{"line":123,"column":3},"end":{"line":123,"column":3}},{"start":{"line":123,"column":3},"end":{"line":123,"column":3}}]},"11":{"line":131,"type":"cond-expr","locations":[{"start":{"line":131,"column":55},"end":{"line":131,"column":59}},{"start":{"line":131,"column":62},"end":{"line":131,"column":65}}]},"12":{"line":133,"type":"if","locations":[{"start":{"line":133,"column":3},"end":{"line":133,"column":3}},{"start":{"line":133,"column":3},"end":{"line":133,"column":3}}]},"13":{"line":142,"type":"switch","locations":[{"start":{"line":143,"column":2},"end":{"line":144,"column":60}},{"start":{"line":145,"column":2},"end":{"line":146,"column":57}},{"start":{"line":147,"column":2},"end":{"line":148,"column":57}}]},"14":{"line":163,"type":"switch","locations":[{"start":{"line":164,"column":2},"end":{"line":166,"column":9}},{"start":{"line":167,"column":2},"end":{"line":169,"column":9}},{"start":{"line":170,"column":2},"end":{"line":172,"column":9}},{"start":{"line":173,"column":2},"end":{"line":175,"column":9}}]},"15":{"line":184,"type":"if","locations":[{"start":{"line":184,"column":1},"end":{"line":184,"column":1}},{"start":{"line":184,"column":1},"end":{"line":184,"column":1}}]},"16":{"line":194,"type":"if","locations":[{"start":{"line":194,"column":1},"end":{"line":194,"column":1}},{"start":{"line":194,"column":1},"end":{"line":194,"column":1}}]},"17":{"line":197,"type":"if","locations":[{"start":{"line":197,"column":2},"end":{"line":197,"column":2}},{"start":{"line":197,"column":2},"end":{"line":197,"column":2}}]},"18":{"line":206,"type":"cond-expr","locations":[{"start":{"line":206,"column":22},"end":{"line":206,"column":28}},{"start":{"line":206,"column":31},"end":{"line":206,"column":36}}]},"19":{"line":211,"type":"cond-expr","locations":[{"start":{"line":211,"column":26},"end":{"line":211,"column":29}},{"start":{"line":211,"column":32},"end":{"line":211,"column":35}}]}},"code":["/**"," * Created by kraigm on 12/15/15."," */","","var inherits = require('util').inherits;","var Accessory, Service, Characteristic, uuid;","var NestDeviceAccessory = require('./nest-device-accessory')();","","'use strict';","","module.exports = function(exportedTypes) {","\tif (exportedTypes && !Accessory) {","\t\tAccessory = exportedTypes.Accessory;","\t\tService = exportedTypes.Service;","\t\tCharacteristic = exportedTypes.Characteristic;","\t\tuuid = exportedTypes.uuid;","","\t\tvar acc = NestThermostatAccessory.prototype;","\t\tinherits(NestThermostatAccessory, NestDeviceAccessory);","\t\tNestThermostatAccessory.prototype.parent = NestDeviceAccessory.prototype;","\t\tfor (var mn in acc) {","\t\t\tNestThermostatAccessory.prototype[mn] = acc[mn];","\t\t}","","\t\tNestThermostatAccessory.deviceType = 'thermostat';","\t\tNestThermostatAccessory.deviceGroup = 'thermostats';","\t\tNestThermostatAccessory.prototype.deviceType = NestThermostatAccessory.deviceType;","\t\tNestThermostatAccessory.prototype.deviceGroup = NestThermostatAccessory.deviceGroup;","\t}","\treturn NestThermostatAccessory;","};","","function NestThermostatAccessory(conn, log, device, structure) {","","\tNestDeviceAccessory.call(this, conn, log, device, structure);","","\tvar thermostatService = this.addService(Service.Thermostat);","","\tvar formatAsDisplayTemperature = function(t) {","\t\treturn this.usesFahrenheit() ? celsiusToFahrenheit(t) + \" F\" : t + \" C\";","\t}.bind(this);","","\tvar formatHeatingCoolingState = function (val) {","\t\tswitch (val) {","\t\t\tcase Characteristic.CurrentHeatingCoolingState.OFF:","\t\t\t\treturn \"Off\";","\t\t\tcase Characteristic.CurrentHeatingCoolingState.HEAT:","\t\t\t\treturn \"Heating\";","\t\t\tcase Characteristic.CurrentHeatingCoolingState.COOL:","\t\t\t\treturn \"Cooling\";","\t\t\tcase Characteristic.CurrentHeatingCoolingState.HEAT | Characteristic.CurrentHeatingCoolingState.COOL:","\t\t\t\treturn \"Heating/Cooling\";","\t\t}","\t};","","\tvar bindCharacteristic = function (characteristic, desc, getFunc, setFunc, format) {","\t\tthis.bindCharacteristic(thermostatService, characteristic, desc, getFunc, setFunc, format);","\t}.bind(this);","","\tbindCharacteristic(Characteristic.TemperatureDisplayUnits, \"Temperature unit\", this.getTemperatureUnits, null, function (val) {","\t\treturn val == Characteristic.TemperatureDisplayUnits.FAHRENHEIT ? \"Fahrenheit\" : \"Celsius\";","\t});","","\tbindCharacteristic(Characteristic.CurrentTemperature, \"Current temperature\", this.getCurrentTemperature, null, formatAsDisplayTemperature);","\tbindCharacteristic(Characteristic.CurrentHeatingCoolingState, \"Current heating\", this.getCurrentHeatingCooling, null, formatHeatingCoolingState);","\tbindCharacteristic(Characteristic.CurrentRelativeHumidity, \"Current humidity\", this.getCurrentRelativeHumidity, null, function(val) {","\t\treturn val + \"%\";","\t});","","\tbindCharacteristic(Characteristic.TargetTemperature, \"Target temperature\", this.getTargetTemperature, this.setTargetTemperature, formatAsDisplayTemperature);","\tbindCharacteristic(Characteristic.TargetHeatingCoolingState, \"Target heating\", this.getTargetHeatingCooling, this.setTargetHeatingCooling, formatHeatingCoolingState);","","\tthis.addAwayCharacteristic(thermostatService);","","\tthis.updateData();","}","","NestThermostatAccessory.prototype.getCurrentHeatingCooling = function () {","\tswitch (this.device.hvac_state) {","\t\tcase \"off\":","\t\t\treturn Characteristic.CurrentHeatingCoolingState.OFF;","\t\tcase \"heating\":","\t\t\treturn Characteristic.CurrentHeatingCoolingState.HEAT;","\t\tcase \"cooling\":","\t\t\treturn Characteristic.CurrentHeatingCoolingState.COOL;","\t\tdefault:","\t\t\treturn Characteristic.CurrentHeatingCoolingState.OFF;","\t}","};","","NestThermostatAccessory.prototype.getTargetHeatingCooling = function () {","\tswitch (this.device.hvac_mode) {","\t\tcase \"off\":","\t\t\treturn Characteristic.CurrentHeatingCoolingState.OFF;","\t\tcase \"heat\":","\t\t\treturn Characteristic.CurrentHeatingCoolingState.HEAT;","\t\tcase \"cool\":","\t\t\treturn Characteristic.CurrentHeatingCoolingState.COOL;","\t\tcase \"heat-cool\":","\t\t\treturn Characteristic.CurrentHeatingCoolingState.HEAT | Characteristic.CurrentHeatingCoolingState.COOL;","\t\tdefault:","\t\t\treturn Characteristic.CurrentHeatingCoolingState.OFF;","\t}","};","","NestThermostatAccessory.prototype.getCurrentTemperature = function () {","\tif (this.usesFahrenheit()) {","\t\treturn fahrenheitToCelsius(this.device.ambient_temperature_f);","\t} else {","\t\treturn this.device.ambient_temperature_c;","\t}","};","","NestThermostatAccessory.prototype.getCurrentRelativeHumidity = function () {","\treturn this.device.humidity;","};","","NestThermostatAccessory.prototype.getTargetTemperature = function () {","\tswitch (this.getTargetHeatingCooling()) {","\t\tcase Characteristic.CurrentHeatingCoolingState.HEAT | Characteristic.CurrentHeatingCoolingState.COOL:","\t\t\t// Choose closest target as single target","\t\t\tvar high, low;","\t\t\tif (this.usesFahrenheit()) {","\t\t\t\thigh = fahrenheitToCelsius(this.device.target_temperature_high_f);","\t\t\t\tlow = fahrenheitToCelsius(this.device.target_temperature_low_f);","\t\t\t} else {","\t\t\t\thigh = this.device.target_temperature_high_c;","\t\t\t\tlow = this.device.target_temperature_low_c;","\t\t\t}","\t\t\tvar cur = this.getCurrentTemperature();","\t\t\treturn Math.abs(high - cur) < Math.abs(cur - low) ? high : low;","\t\tdefault:","\t\t\tif (this.usesFahrenheit()) {","\t\t\t\treturn fahrenheitToCelsius(this.device.target_temperature_f);","\t\t\t} else {","\t\t\t\treturn this.device.target_temperature_c;","\t\t\t}","\t}","};","","NestThermostatAccessory.prototype.getTemperatureUnits = function () {","\tswitch (this.device.temperature_scale) {","\t\tcase \"F\":","\t\t\treturn Characteristic.TemperatureDisplayUnits.FAHRENHEIT;","\t\tcase \"C\":","\t\t\treturn Characteristic.TemperatureDisplayUnits.CELSIUS;","\t\tdefault:","\t\t\treturn Characteristic.TemperatureDisplayUnits.CELSIUS;","\t}","};","","function fahrenheitToCelsius(temperature) {","\treturn (temperature - 32) / 1.8;","}","","function celsiusToFahrenheit(temperature) {","\treturn (temperature * 1.8) + 32;","}","","NestThermostatAccessory.prototype.setTargetHeatingCooling = function (targetHeatingCooling, callback) {","\tvar val = null;","","\tswitch (targetHeatingCooling) {","\t\tcase Characteristic.CurrentHeatingCoolingState.HEAT:","\t\t\tval = 'heat';","\t\t\tbreak;","\t\tcase Characteristic.CurrentHeatingCoolingState.COOL:","\t\t\tval = 'cool';","\t\t\tbreak;","\t\tcase Characteristic.CurrentHeatingCoolingState.HEAT | Characteristic.CurrentHeatingCoolingState.COOL:","\t\t\tval = 'heat-cool';","\t\t\tbreak;","\t\tdefault:","\t\t\tval = 'off';","\t\t\tbreak;","\t}","","\treturn this.updateDevicePropertyAsync(\"hvac_mode\", val, \"target heating cooling\")","\t\t.asCallback(callback);","};","","NestThermostatAccessory.prototype.setTargetTemperature = function (targetTemperature, callback) {","\tvar usesFahrenheit = this.usesFahrenheit();","\tif (usesFahrenheit) {","\t\t// Convert to Fahrenheit and round to nearest integer","\t\ttargetTemperature = Math.round(celsiusToFahrenheit(targetTemperature));","\t} else {","\t\t// Celsius value has to be in half point increments","\t\ttargetTemperature = Math.round( targetTemperature * 2 ) / 2;","\t}","","\tvar key = \"target_temperature_\";","\tvar prop = \"\";","\tif (this.getTargetHeatingCooling() == (Characteristic.CurrentHeatingCoolingState.HEAT | Characteristic.CurrentHeatingCoolingState.COOL)) {","\t\t// Choose closest target as single target","\t\tvar high, low;","\t\tif (usesFahrenheit) {","\t\t\thigh = fahrenheitToCelsius(this.device.target_temperature_high_f);","\t\t\tlow = fahrenheitToCelsius(this.device.target_temperature_low_f);","\t\t} else {","\t\t\thigh = this.device.target_temperature_high_c;","\t\t\tlow = this.device.target_temperature_low_c;","\t\t}","\t\tvar cur = this.getCurrentTemperature();","\t\tvar isHighTemp = Math.abs(high - cur) < Math.abs(cur - low);","\t\tprop = isHighTemp ? \"high\" : \"low\";","\t\tkey += prop + \"_\";","\t\tprop += \" \";","\t}","","\tkey += (usesFahrenheit ? \"f\" : \"c\");","","\treturn this.cancelAutoAway()","\t\t.then(this.updateDevicePropertyAsync.bind(this, key, targetTemperature, prop + \"target temperature\"))","\t\t.asCallback(callback);","};","","NestThermostatAccessory.prototype.usesFahrenheit = function () {","\treturn this.getTemperatureUnits() == Characteristic.TemperatureDisplayUnits.FAHRENHEIT;","};",""],"l":{"5":1,"6":1,"7":1,"9":1,"11":1,"12":0,"13":0,"14":0,"15":0,"16":0,"18":0,"19":0,"20":0,"21":0,"22":0,"25":0,"26":0,"27":0,"28":0,"30":0,"33":1,"35":0,"37":0,"39":0,"40":0,"43":0,"44":0,"46":0,"48":0,"50":0,"52":0,"56":0,"57":0,"60":0,"61":0,"64":0,"65":0,"66":0,"67":0,"70":0,"71":0,"73":0,"75":0,"78":1,"79":0,"81":0,"83":0,"85":0,"87":0,"91":1,"92":0,"94":0,"96":0,"98":0,"100":0,"102":0,"106":1,"107":0,"108":0,"110":0,"114":1,"115":0,"118":1,"119":0,"122":0,"123":0,"124":0,"125":0,"127":0,"128":0,"130":0,"131":0,"133":0,"134":0,"136":0,"141":1,"142":0,"144":0,"146":0,"148":0,"152":1,"153":0,"156":1,"157":0,"160":1,"161":0,"163":0,"165":0,"166":0,"168":0,"169":0,"171":0,"172":0,"174":0,"175":0,"178":0,"182":1,"183":0,"184":0,"186":0,"189":0,"192":0,"193":0,"194":0,"196":0,"197":0,"198":0,"199":0,"201":0,"202":0,"204":0,"205":0,"206":0,"207":0,"208":0,"211":0,"213":0,"218":1,"219":0}}}